[2025-06-15 06:45:33Z INFO HostContext] No proxy settings were found based on environmental variables (http_proxy/https_proxy/HTTP_PROXY/HTTPS_PROXY)
[2025-06-15 06:45:33Z INFO HostContext] Well known directory 'Bin': 'C:\Users\admin\Desktop\Home\24_Devops\07_CANoeRF_Frozen\actions-runner\actions-runner-win-x64-2.325.0\bin'
[2025-06-15 06:45:33Z INFO HostContext] Well known directory 'Root': 'C:\Users\admin\Desktop\Home\24_Devops\07_CANoeRF_Frozen\actions-runner\actions-runner-win-x64-2.325.0'
[2025-06-15 06:45:33Z INFO HostContext] Well known config file 'Credentials': 'C:\Users\admin\Desktop\Home\24_Devops\07_CANoeRF_Frozen\actions-runner\actions-runner-win-x64-2.325.0\.credentials'
[2025-06-15 06:45:33Z INFO HostContext] Well known directory 'Bin': 'C:\Users\admin\Desktop\Home\24_Devops\07_CANoeRF_Frozen\actions-runner\actions-runner-win-x64-2.325.0\bin'
[2025-06-15 06:45:33Z INFO HostContext] Well known directory 'Root': 'C:\Users\admin\Desktop\Home\24_Devops\07_CANoeRF_Frozen\actions-runner\actions-runner-win-x64-2.325.0'
[2025-06-15 06:45:33Z INFO HostContext] Well known config file 'Runner': 'C:\Users\admin\Desktop\Home\24_Devops\07_CANoeRF_Frozen\actions-runner\actions-runner-win-x64-2.325.0\.runner'
[2025-06-15 06:45:33Z INFO Listener] Runner is built for Windows (X64) - win-x64.
[2025-06-15 06:45:33Z INFO Listener] RuntimeInformation: Microsoft Windows 10.0.26100.
[2025-06-15 06:45:33Z INFO Listener] Version: 2.325.0
[2025-06-15 06:45:33Z INFO Listener] Commit: 71ed7cd46223bd5d61633445946813012b502d54
[2025-06-15 06:45:33Z INFO Listener] Culture: zh-CN
[2025-06-15 06:45:33Z INFO Listener] UI Culture: zh-CN
[2025-06-15 06:45:33Z INFO HostContext] Well known directory 'Bin': 'C:\Users\admin\Desktop\Home\24_Devops\07_CANoeRF_Frozen\actions-runner\actions-runner-win-x64-2.325.0\bin'
[2025-06-15 06:45:33Z INFO HostContext] Well known directory 'Root': 'C:\Users\admin\Desktop\Home\24_Devops\07_CANoeRF_Frozen\actions-runner\actions-runner-win-x64-2.325.0'
[2025-06-15 06:45:33Z INFO Listener] Validating directory permissions for: 'C:\Users\admin\Desktop\Home\24_Devops\07_CANoeRF_Frozen\actions-runner\actions-runner-win-x64-2.325.0'
[2025-06-15 06:45:33Z INFO CommandLineParser] Parse
[2025-06-15 06:45:33Z INFO CommandLineParser] Parsing 1 args
[2025-06-15 06:45:33Z INFO CommandLineParser] parsing argument
[2025-06-15 06:45:33Z INFO CommandLineParser] HasArgs: False
[2025-06-15 06:45:33Z INFO CommandLineParser] Adding Command: configure
[2025-06-15 06:45:33Z INFO Listener] Arguments parsed
[2025-06-15 06:45:33Z INFO Runner] ExecuteCommand
[2025-06-15 06:45:33Z INFO ConfigurationStore] currentAssemblyLocation: C:\Users\admin\Desktop\Home\24_Devops\07_CANoeRF_Frozen\actions-runner\actions-runner-win-x64-2.325.0\bin\Runner.Listener.dll
[2025-06-15 06:45:33Z INFO HostContext] Well known directory 'Bin': 'C:\Users\admin\Desktop\Home\24_Devops\07_CANoeRF_Frozen\actions-runner\actions-runner-win-x64-2.325.0\bin'
[2025-06-15 06:45:33Z INFO ConfigurationStore] binPath: C:\Users\admin\Desktop\Home\24_Devops\07_CANoeRF_Frozen\actions-runner\actions-runner-win-x64-2.325.0\bin
[2025-06-15 06:45:33Z INFO HostContext] Well known directory 'Bin': 'C:\Users\admin\Desktop\Home\24_Devops\07_CANoeRF_Frozen\actions-runner\actions-runner-win-x64-2.325.0\bin'
[2025-06-15 06:45:33Z INFO HostContext] Well known directory 'Root': 'C:\Users\admin\Desktop\Home\24_Devops\07_CANoeRF_Frozen\actions-runner\actions-runner-win-x64-2.325.0'
[2025-06-15 06:45:33Z INFO ConfigurationStore] RootFolder: C:\Users\admin\Desktop\Home\24_Devops\07_CANoeRF_Frozen\actions-runner\actions-runner-win-x64-2.325.0
[2025-06-15 06:45:33Z INFO HostContext] Well known directory 'Bin': 'C:\Users\admin\Desktop\Home\24_Devops\07_CANoeRF_Frozen\actions-runner\actions-runner-win-x64-2.325.0\bin'
[2025-06-15 06:45:33Z INFO HostContext] Well known directory 'Root': 'C:\Users\admin\Desktop\Home\24_Devops\07_CANoeRF_Frozen\actions-runner\actions-runner-win-x64-2.325.0'
[2025-06-15 06:45:33Z INFO HostContext] Well known config file 'Runner': 'C:\Users\admin\Desktop\Home\24_Devops\07_CANoeRF_Frozen\actions-runner\actions-runner-win-x64-2.325.0\.runner'
[2025-06-15 06:45:33Z INFO ConfigurationStore] ConfigFilePath: C:\Users\admin\Desktop\Home\24_Devops\07_CANoeRF_Frozen\actions-runner\actions-runner-win-x64-2.325.0\.runner
[2025-06-15 06:45:33Z INFO HostContext] Well known directory 'Bin': 'C:\Users\admin\Desktop\Home\24_Devops\07_CANoeRF_Frozen\actions-runner\actions-runner-win-x64-2.325.0\bin'
[2025-06-15 06:45:33Z INFO HostContext] Well known directory 'Root': 'C:\Users\admin\Desktop\Home\24_Devops\07_CANoeRF_Frozen\actions-runner\actions-runner-win-x64-2.325.0'
[2025-06-15 06:45:33Z INFO HostContext] Well known config file 'MigratedRunner': 'C:\Users\admin\Desktop\Home\24_Devops\07_CANoeRF_Frozen\actions-runner\actions-runner-win-x64-2.325.0\.runner_migrated'
[2025-06-15 06:45:33Z INFO ConfigurationStore] MigratedConfigFilePath: C:\Users\admin\Desktop\Home\24_Devops\07_CANoeRF_Frozen\actions-runner\actions-runner-win-x64-2.325.0\.runner_migrated
[2025-06-15 06:45:33Z INFO HostContext] Well known directory 'Bin': 'C:\Users\admin\Desktop\Home\24_Devops\07_CANoeRF_Frozen\actions-runner\actions-runner-win-x64-2.325.0\bin'
[2025-06-15 06:45:33Z INFO HostContext] Well known directory 'Root': 'C:\Users\admin\Desktop\Home\24_Devops\07_CANoeRF_Frozen\actions-runner\actions-runner-win-x64-2.325.0'
[2025-06-15 06:45:33Z INFO HostContext] Well known config file 'Credentials': 'C:\Users\admin\Desktop\Home\24_Devops\07_CANoeRF_Frozen\actions-runner\actions-runner-win-x64-2.325.0\.credentials'
[2025-06-15 06:45:33Z INFO ConfigurationStore] CredFilePath: C:\Users\admin\Desktop\Home\24_Devops\07_CANoeRF_Frozen\actions-runner\actions-runner-win-x64-2.325.0\.credentials
[2025-06-15 06:45:33Z INFO HostContext] Well known directory 'Bin': 'C:\Users\admin\Desktop\Home\24_Devops\07_CANoeRF_Frozen\actions-runner\actions-runner-win-x64-2.325.0\bin'
[2025-06-15 06:45:33Z INFO HostContext] Well known directory 'Root': 'C:\Users\admin\Desktop\Home\24_Devops\07_CANoeRF_Frozen\actions-runner\actions-runner-win-x64-2.325.0'
[2025-06-15 06:45:33Z INFO HostContext] Well known config file 'MigratedCredentials': 'C:\Users\admin\Desktop\Home\24_Devops\07_CANoeRF_Frozen\actions-runner\actions-runner-win-x64-2.325.0\.credentials_migrated'
[2025-06-15 06:45:33Z INFO ConfigurationStore] MigratedCredFilePath: C:\Users\admin\Desktop\Home\24_Devops\07_CANoeRF_Frozen\actions-runner\actions-runner-win-x64-2.325.0\.credentials_migrated
[2025-06-15 06:45:33Z INFO HostContext] Well known directory 'Bin': 'C:\Users\admin\Desktop\Home\24_Devops\07_CANoeRF_Frozen\actions-runner\actions-runner-win-x64-2.325.0\bin'
[2025-06-15 06:45:33Z INFO HostContext] Well known directory 'Root': 'C:\Users\admin\Desktop\Home\24_Devops\07_CANoeRF_Frozen\actions-runner\actions-runner-win-x64-2.325.0'
[2025-06-15 06:45:33Z INFO HostContext] Well known config file 'Service': 'C:\Users\admin\Desktop\Home\24_Devops\07_CANoeRF_Frozen\actions-runner\actions-runner-win-x64-2.325.0\.service'
[2025-06-15 06:45:33Z INFO ConfigurationStore] ServiceConfigFilePath: C:\Users\admin\Desktop\Home\24_Devops\07_CANoeRF_Frozen\actions-runner\actions-runner-win-x64-2.325.0\.service
[2025-06-15 06:45:33Z INFO CommandSettings] Flag 'help': 'False'
[2025-06-15 06:45:33Z INFO CommandSettings] Flag 'version': 'False'
[2025-06-15 06:45:33Z INFO CommandSettings] Flag 'commit': 'False'
[2025-06-15 06:45:33Z INFO CommandSettings] Flag 'check': 'False'
[2025-06-15 06:45:33Z INFO CommandSettings] Command 'configure': 'True'
[2025-06-15 06:45:33Z INFO Terminal] WRITE LINE: 
[2025-06-15 06:45:33Z INFO Terminal] WRITE LINE: --------------------------------------------------------------------------------
[2025-06-15 06:45:33Z INFO Terminal] WRITE LINE: |        ____ _ _   _   _       _          _        _   _                      |
[2025-06-15 06:45:33Z INFO Terminal] WRITE LINE: |       / ___(_) |_| | | |_   _| |__      / \   ___| |_(_) ___  _ __  ___      |
[2025-06-15 06:45:33Z INFO Terminal] WRITE LINE: |      | |  _| | __| |_| | | | | '_ \    / _ \ / __| __| |/ _ \| '_ \/ __|     |
[2025-06-15 06:45:33Z INFO Terminal] WRITE LINE: |      | |_| | | |_|  _  | |_| | |_) |  / ___ \ (__| |_| | (_) | | | \__ \     |
[2025-06-15 06:45:33Z INFO Terminal] WRITE LINE: |       \____|_|\__|_| |_|\__,_|_.__/  /_/   \_\___|\__|_|\___/|_| |_|___/     |
[2025-06-15 06:45:33Z INFO Terminal] WRITE LINE: |                                                                              |
[2025-06-15 06:45:33Z INFO Terminal] WRITE: |                       
[2025-06-15 06:45:33Z INFO Terminal] WRITE: Self-hosted runner registration
[2025-06-15 06:45:33Z INFO Terminal] WRITE LINE:                         |
[2025-06-15 06:45:33Z INFO Terminal] WRITE LINE: |                                                                              |
[2025-06-15 06:45:33Z INFO Terminal] WRITE LINE: --------------------------------------------------------------------------------
[2025-06-15 06:45:33Z INFO ConfigurationManager] ConfigureAsync
[2025-06-15 06:45:33Z INFO CommandSettings] Flag 'generateServiceConfig': 'False'
[2025-06-15 06:45:33Z INFO ConfigurationStore] IsConfigured()
[2025-06-15 06:45:33Z INFO ConfigurationStore] IsConfigured: False
[2025-06-15 06:45:33Z INFO ConfigurationManager] Is configured: False
[2025-06-15 06:45:33Z INFO CommandSettings] Arg 'url': ''
[2025-06-15 06:45:33Z INFO CommandSettings] Flag 'unattended': 'False'
[2025-06-15 06:45:33Z INFO PromptManager] ReadValue
[2025-06-15 06:45:33Z INFO Terminal] WRITE: What is the URL of your repository? 
[2025-06-15 06:45:33Z INFO Terminal] READ LINE
[2025-06-15 06:45:54Z INFO Terminal] Read value: 'https://github.com/kosjioo/rf-canoe-pipeline'
[2025-06-15 06:45:54Z INFO CommandSettings] Arg 'token': ''
[2025-06-15 06:45:54Z INFO CommandSettings] Flag 'unattended': 'False'
[2025-06-15 06:45:54Z INFO PromptManager] ReadValue
[2025-06-15 06:45:54Z INFO Terminal] WRITE: What is your runner register token? 
[2025-06-15 06:45:54Z INFO Terminal] READ SECRET
[2025-06-15 06:46:52Z INFO Terminal] Read value: '***'
[2025-06-15 06:46:53Z ERR  Terminal] WRITE ERROR: Http response code: NotFound from 'POST https://api.github.com/actions/runner-registration' (Request Id: 76B4:3D8FC5:17E65C2:1C70A52:684E6C5A)
[2025-06-15 06:46:53Z ERR  Terminal] WRITE ERROR: {"message":"Not Found","documentation_url":"https://docs.github.com/rest","status":"404"}
[2025-06-15 06:46:53Z ERR  Runner] System.Net.Http.HttpRequestException: Response status code does not indicate success: 404 (Not Found).
   at System.Net.Http.HttpResponseMessage.EnsureSuccessStatusCode()
   at GitHub.Runner.Listener.Configuration.ConfigurationManager.GetTenantCredential(String githubUrl, String githubToken, String runnerEvent)
   at GitHub.Runner.Listener.Configuration.ConfigurationManager.ConfigureAsync(CommandSettings command)
   at GitHub.Runner.Listener.Runner.ExecuteCommand(CommandSettings command)
[2025-06-15 06:46:53Z ERR  Terminal] WRITE ERROR: Response status code does not indicate success: 404 (Not Found).
[2025-06-15 06:46:53Z INFO Listener] Runner execution has finished with return code 1
