[2025-06-13 02:42:48Z INFO HostContext] No proxy settings were found based on environmental variables (http_proxy/https_proxy/HTTP_PROXY/HTTPS_PROXY)
[2025-06-13 02:42:48Z INFO HostContext] Well known directory 'Bin': 'C:\Users\admin\Desktop\Home\24_Devops\07_CANoeRF_Frozen\actions-runner\actions-runner-win-x64-2.325.0\bin'
[2025-06-13 02:42:48Z INFO HostContext] Well known directory 'Root': 'C:\Users\admin\Desktop\Home\24_Devops\07_CANoeRF_Frozen\actions-runner\actions-runner-win-x64-2.325.0'
[2025-06-13 02:42:48Z INFO HostContext] Well known config file 'Credentials': 'C:\Users\admin\Desktop\Home\24_Devops\07_CANoeRF_Frozen\actions-runner\actions-runner-win-x64-2.325.0\.credentials'
[2025-06-13 02:42:48Z INFO HostContext] Well known directory 'Bin': 'C:\Users\admin\Desktop\Home\24_Devops\07_CANoeRF_Frozen\actions-runner\actions-runner-win-x64-2.325.0\bin'
[2025-06-13 02:42:48Z INFO HostContext] Well known directory 'Root': 'C:\Users\admin\Desktop\Home\24_Devops\07_CANoeRF_Frozen\actions-runner\actions-runner-win-x64-2.325.0'
[2025-06-13 02:42:48Z INFO HostContext] Well known config file 'Runner': 'C:\Users\admin\Desktop\Home\24_Devops\07_CANoeRF_Frozen\actions-runner\actions-runner-win-x64-2.325.0\.runner'
[2025-06-13 02:42:48Z INFO Listener] Runner is built for Windows (X64) - win-x64.
[2025-06-13 02:42:48Z INFO Listener] RuntimeInformation: Microsoft Windows 10.0.26100.
[2025-06-13 02:42:48Z INFO Listener] Version: 2.325.0
[2025-06-13 02:42:48Z INFO Listener] Commit: 71ed7cd46223bd5d61633445946813012b502d54
[2025-06-13 02:42:48Z INFO Listener] Culture: zh-CN
[2025-06-13 02:42:48Z INFO Listener] UI Culture: zh-CN
[2025-06-13 02:42:48Z INFO HostContext] Well known directory 'Bin': 'C:\Users\admin\Desktop\Home\24_Devops\07_CANoeRF_Frozen\actions-runner\actions-runner-win-x64-2.325.0\bin'
[2025-06-13 02:42:48Z INFO HostContext] Well known directory 'Root': 'C:\Users\admin\Desktop\Home\24_Devops\07_CANoeRF_Frozen\actions-runner\actions-runner-win-x64-2.325.0'
[2025-06-13 02:42:48Z INFO Listener] Validating directory permissions for: 'C:\Users\admin\Desktop\Home\24_Devops\07_CANoeRF_Frozen\actions-runner\actions-runner-win-x64-2.325.0'
[2025-06-13 02:42:48Z INFO CommandLineParser] Parse
[2025-06-13 02:42:48Z INFO CommandLineParser] Parsing 5 args
[2025-06-13 02:42:48Z INFO CommandLineParser] parsing argument
[2025-06-13 02:42:48Z INFO CommandLineParser] HasArgs: False
[2025-06-13 02:42:48Z INFO CommandLineParser] Adding Command: configure
[2025-06-13 02:42:48Z INFO CommandLineParser] parsing argument
[2025-06-13 02:42:48Z INFO CommandLineParser] HasArgs: True
[2025-06-13 02:42:48Z INFO CommandLineParser] arg: url
[2025-06-13 02:42:48Z INFO CommandLineParser] parsing argument
[2025-06-13 02:42:48Z INFO CommandLineParser] HasArgs: True
[2025-06-13 02:42:48Z INFO CommandLineParser] Adding option 'url': 'https://github.com/kosjioo/rf-canoe-pipeline'
[2025-06-13 02:42:48Z INFO CommandLineParser] parsing argument
[2025-06-13 02:42:48Z INFO CommandLineParser] HasArgs: True
[2025-06-13 02:42:48Z INFO CommandLineParser] arg: token
[2025-06-13 02:42:48Z INFO CommandLineParser] parsing argument
[2025-06-13 02:42:48Z INFO CommandLineParser] HasArgs: True
[2025-06-13 02:42:48Z INFO CommandLineParser] Adding option 'token': '***'
[2025-06-13 02:42:48Z INFO Listener] Arguments parsed
[2025-06-13 02:42:48Z INFO Runner] ExecuteCommand
[2025-06-13 02:42:48Z INFO ConfigurationStore] currentAssemblyLocation: C:\Users\admin\Desktop\Home\24_Devops\07_CANoeRF_Frozen\actions-runner\actions-runner-win-x64-2.325.0\bin\Runner.Listener.dll
[2025-06-13 02:42:48Z INFO HostContext] Well known directory 'Bin': 'C:\Users\admin\Desktop\Home\24_Devops\07_CANoeRF_Frozen\actions-runner\actions-runner-win-x64-2.325.0\bin'
[2025-06-13 02:42:48Z INFO ConfigurationStore] binPath: C:\Users\admin\Desktop\Home\24_Devops\07_CANoeRF_Frozen\actions-runner\actions-runner-win-x64-2.325.0\bin
[2025-06-13 02:42:48Z INFO HostContext] Well known directory 'Bin': 'C:\Users\admin\Desktop\Home\24_Devops\07_CANoeRF_Frozen\actions-runner\actions-runner-win-x64-2.325.0\bin'
[2025-06-13 02:42:48Z INFO HostContext] Well known directory 'Root': 'C:\Users\admin\Desktop\Home\24_Devops\07_CANoeRF_Frozen\actions-runner\actions-runner-win-x64-2.325.0'
[2025-06-13 02:42:48Z INFO ConfigurationStore] RootFolder: C:\Users\admin\Desktop\Home\24_Devops\07_CANoeRF_Frozen\actions-runner\actions-runner-win-x64-2.325.0
[2025-06-13 02:42:48Z INFO HostContext] Well known directory 'Bin': 'C:\Users\admin\Desktop\Home\24_Devops\07_CANoeRF_Frozen\actions-runner\actions-runner-win-x64-2.325.0\bin'
[2025-06-13 02:42:48Z INFO HostContext] Well known directory 'Root': 'C:\Users\admin\Desktop\Home\24_Devops\07_CANoeRF_Frozen\actions-runner\actions-runner-win-x64-2.325.0'
[2025-06-13 02:42:48Z INFO HostContext] Well known config file 'Runner': 'C:\Users\admin\Desktop\Home\24_Devops\07_CANoeRF_Frozen\actions-runner\actions-runner-win-x64-2.325.0\.runner'
[2025-06-13 02:42:48Z INFO ConfigurationStore] ConfigFilePath: C:\Users\admin\Desktop\Home\24_Devops\07_CANoeRF_Frozen\actions-runner\actions-runner-win-x64-2.325.0\.runner
[2025-06-13 02:42:48Z INFO HostContext] Well known directory 'Bin': 'C:\Users\admin\Desktop\Home\24_Devops\07_CANoeRF_Frozen\actions-runner\actions-runner-win-x64-2.325.0\bin'
[2025-06-13 02:42:48Z INFO HostContext] Well known directory 'Root': 'C:\Users\admin\Desktop\Home\24_Devops\07_CANoeRF_Frozen\actions-runner\actions-runner-win-x64-2.325.0'
[2025-06-13 02:42:48Z INFO HostContext] Well known config file 'MigratedRunner': 'C:\Users\admin\Desktop\Home\24_Devops\07_CANoeRF_Frozen\actions-runner\actions-runner-win-x64-2.325.0\.runner_migrated'
[2025-06-13 02:42:48Z INFO ConfigurationStore] MigratedConfigFilePath: C:\Users\admin\Desktop\Home\24_Devops\07_CANoeRF_Frozen\actions-runner\actions-runner-win-x64-2.325.0\.runner_migrated
[2025-06-13 02:42:48Z INFO HostContext] Well known directory 'Bin': 'C:\Users\admin\Desktop\Home\24_Devops\07_CANoeRF_Frozen\actions-runner\actions-runner-win-x64-2.325.0\bin'
[2025-06-13 02:42:48Z INFO HostContext] Well known directory 'Root': 'C:\Users\admin\Desktop\Home\24_Devops\07_CANoeRF_Frozen\actions-runner\actions-runner-win-x64-2.325.0'
[2025-06-13 02:42:48Z INFO HostContext] Well known config file 'Credentials': 'C:\Users\admin\Desktop\Home\24_Devops\07_CANoeRF_Frozen\actions-runner\actions-runner-win-x64-2.325.0\.credentials'
[2025-06-13 02:42:48Z INFO ConfigurationStore] CredFilePath: C:\Users\admin\Desktop\Home\24_Devops\07_CANoeRF_Frozen\actions-runner\actions-runner-win-x64-2.325.0\.credentials
[2025-06-13 02:42:48Z INFO HostContext] Well known directory 'Bin': 'C:\Users\admin\Desktop\Home\24_Devops\07_CANoeRF_Frozen\actions-runner\actions-runner-win-x64-2.325.0\bin'
[2025-06-13 02:42:48Z INFO HostContext] Well known directory 'Root': 'C:\Users\admin\Desktop\Home\24_Devops\07_CANoeRF_Frozen\actions-runner\actions-runner-win-x64-2.325.0'
[2025-06-13 02:42:48Z INFO HostContext] Well known config file 'MigratedCredentials': 'C:\Users\admin\Desktop\Home\24_Devops\07_CANoeRF_Frozen\actions-runner\actions-runner-win-x64-2.325.0\.credentials_migrated'
[2025-06-13 02:42:48Z INFO ConfigurationStore] MigratedCredFilePath: C:\Users\admin\Desktop\Home\24_Devops\07_CANoeRF_Frozen\actions-runner\actions-runner-win-x64-2.325.0\.credentials_migrated
[2025-06-13 02:42:48Z INFO HostContext] Well known directory 'Bin': 'C:\Users\admin\Desktop\Home\24_Devops\07_CANoeRF_Frozen\actions-runner\actions-runner-win-x64-2.325.0\bin'
[2025-06-13 02:42:48Z INFO HostContext] Well known directory 'Root': 'C:\Users\admin\Desktop\Home\24_Devops\07_CANoeRF_Frozen\actions-runner\actions-runner-win-x64-2.325.0'
[2025-06-13 02:42:48Z INFO HostContext] Well known config file 'Service': 'C:\Users\admin\Desktop\Home\24_Devops\07_CANoeRF_Frozen\actions-runner\actions-runner-win-x64-2.325.0\.service'
[2025-06-13 02:42:48Z INFO ConfigurationStore] ServiceConfigFilePath: C:\Users\admin\Desktop\Home\24_Devops\07_CANoeRF_Frozen\actions-runner\actions-runner-win-x64-2.325.0\.service
[2025-06-13 02:42:48Z INFO CommandSettings] Flag 'help': 'False'
[2025-06-13 02:42:48Z INFO CommandSettings] Flag 'version': 'False'
[2025-06-13 02:42:48Z INFO CommandSettings] Flag 'commit': 'False'
[2025-06-13 02:42:48Z INFO CommandSettings] Flag 'check': 'False'
[2025-06-13 02:42:48Z INFO CommandSettings] Command 'configure': 'True'
[2025-06-13 02:42:48Z INFO Terminal] WRITE LINE: 
[2025-06-13 02:42:48Z INFO Terminal] WRITE LINE: --------------------------------------------------------------------------------
[2025-06-13 02:42:48Z INFO Terminal] WRITE LINE: |        ____ _ _   _   _       _          _        _   _                      |
[2025-06-13 02:42:48Z INFO Terminal] WRITE LINE: |       / ___(_) |_| | | |_   _| |__      / \   ___| |_(_) ___  _ __  ___      |
[2025-06-13 02:42:48Z INFO Terminal] WRITE LINE: |      | |  _| | __| |_| | | | | '_ \    / _ \ / __| __| |/ _ \| '_ \/ __|     |
[2025-06-13 02:42:48Z INFO Terminal] WRITE LINE: |      | |_| | | |_|  _  | |_| | |_) |  / ___ \ (__| |_| | (_) | | | \__ \     |
[2025-06-13 02:42:48Z INFO Terminal] WRITE LINE: |       \____|_|\__|_| |_|\__,_|_.__/  /_/   \_\___|\__|_|\___/|_| |_|___/     |
[2025-06-13 02:42:48Z INFO Terminal] WRITE LINE: |                                                                              |
[2025-06-13 02:42:48Z INFO Terminal] WRITE: |                       
[2025-06-13 02:42:48Z INFO Terminal] WRITE: Self-hosted runner registration
[2025-06-13 02:42:48Z INFO Terminal] WRITE LINE:                         |
[2025-06-13 02:42:48Z INFO Terminal] WRITE LINE: |                                                                              |
[2025-06-13 02:42:48Z INFO Terminal] WRITE LINE: --------------------------------------------------------------------------------
[2025-06-13 02:42:48Z INFO ConfigurationManager] ConfigureAsync
[2025-06-13 02:42:48Z INFO CommandSettings] Flag 'generateServiceConfig': 'False'
[2025-06-13 02:42:48Z INFO ConfigurationStore] IsConfigured()
[2025-06-13 02:42:48Z INFO ConfigurationStore] IsConfigured: False
[2025-06-13 02:42:48Z INFO ConfigurationManager] Is configured: False
[2025-06-13 02:42:48Z INFO CommandSettings] Arg 'url': 'https://github.com/kosjioo/rf-canoe-pipeline'
[2025-06-13 02:42:48Z INFO CommandSettings] Remove url from Arg dictionary.
[2025-06-13 02:42:48Z INFO CommandSettings] Arg 'token': '***'
[2025-06-13 02:42:48Z INFO CommandSettings] Remove token from Arg dictionary.
[2025-06-13 02:42:49Z INFO ConfigurationManager] Http response code: OK from 'POST https://api.github.com/actions/runner-registration' (5736:25A835:400E1E:4CB58A:684B9025)
[2025-06-13 02:42:49Z INFO ConfigurationManager] Using V2 flow: False
[2025-06-13 02:42:49Z INFO ConfigurationManager] cred retrieved via GitHub auth
[2025-06-13 02:42:49Z INFO RunnerServer] EstablishVssConnection
[2025-06-13 02:42:49Z INFO RunnerServer] Establish connection with 100 seconds timeout.
[2025-06-13 02:42:49Z INFO GitHubActionsService] Starting operation Location.GetConnectionData
[2025-06-13 02:42:49Z INFO RunnerServer] EstablishVssConnection
[2025-06-13 02:42:49Z INFO RunnerServer] Establish connection with 60 seconds timeout.
[2025-06-13 02:42:49Z INFO GitHubActionsService] Starting operation Location.GetConnectionData
[2025-06-13 02:42:49Z INFO RunnerServer] EstablishVssConnection
[2025-06-13 02:42:49Z INFO RunnerServer] Establish connection with 60 seconds timeout.
[2025-06-13 02:42:49Z INFO GitHubActionsService] Starting operation Location.GetConnectionData
[2025-06-13 02:42:50Z INFO GitHubActionsService] Finished operation Location.GetConnectionData
[2025-06-13 02:42:50Z INFO GitHubActionsService] Finished operation Location.GetConnectionData
[2025-06-13 02:42:50Z INFO GitHubActionsService] Finished operation Location.GetConnectionData
[2025-06-13 02:42:50Z INFO Terminal] WRITE LINE: 
[2025-06-13 02:42:50Z INFO ConfigurationManager] Test Connection complete.
[2025-06-13 02:42:50Z INFO HostContext] Well known directory 'Bin': 'C:\Users\admin\Desktop\Home\24_Devops\07_CANoeRF_Frozen\actions-runner\actions-runner-win-x64-2.325.0\bin'
[2025-06-13 02:42:50Z INFO HostContext] Well known directory 'Root': 'C:\Users\admin\Desktop\Home\24_Devops\07_CANoeRF_Frozen\actions-runner\actions-runner-win-x64-2.325.0'
[2025-06-13 02:42:50Z INFO HostContext] Well known config file 'RSACredentials': 'C:\Users\admin\Desktop\Home\24_Devops\07_CANoeRF_Frozen\actions-runner\actions-runner-win-x64-2.325.0\.credentials_rsaparams'
[2025-06-13 02:42:50Z INFO RSAEncryptedFileKeyManager] Found existing RSA key parameters file C:\Users\admin\Desktop\Home\24_Devops\07_CANoeRF_Frozen\actions-runner\actions-runner-win-x64-2.325.0\.credentials_rsaparams
[2025-06-13 02:42:50Z INFO CommandSettings] Arg 'runnergroup': ''
[2025-06-13 02:42:50Z INFO CommandSettings] Flag 'unattended': 'False'
[2025-06-13 02:42:50Z INFO PromptManager] ReadValue
[2025-06-13 02:42:50Z INFO Terminal] WRITE: Enter the name of the runner group to add this runner to: 
[2025-06-13 02:42:50Z INFO Terminal] WRITE: [press Enter for Default] 
[2025-06-13 02:42:50Z INFO Terminal] READ LINE
[2025-06-13 02:42:54Z INFO Terminal] Read value: ''
[2025-06-13 02:42:54Z INFO PromptManager] Falling back to the default: 'Default'
[2025-06-13 02:42:54Z INFO Terminal] WRITE LINE: 
[2025-06-13 02:42:54Z INFO ConfigurationManager] Found a self-hosted runner group with id 1 and name Default
[2025-06-13 02:42:54Z INFO CommandSettings] Flag 'disableupdate': 'False'
[2025-06-13 02:42:54Z INFO CommandSettings] Flag 'ephemeral': 'False'
[2025-06-13 02:42:54Z INFO CommandSettings] Arg 'name': ''
[2025-06-13 02:42:54Z INFO CommandSettings] Flag 'unattended': 'False'
[2025-06-13 02:42:54Z INFO PromptManager] ReadValue
[2025-06-13 02:42:54Z INFO Terminal] WRITE: Enter the name of runner: 
[2025-06-13 02:42:54Z INFO Terminal] WRITE: [press Enter for JIAHUILI] 
[2025-06-13 02:42:54Z INFO Terminal] READ LINE
[2025-06-13 02:42:58Z INFO Terminal] Read value: ''
[2025-06-13 02:42:58Z INFO PromptManager] Falling back to the default: 'JIAHUILI'
[2025-06-13 02:42:58Z INFO Terminal] WRITE LINE: 
[2025-06-13 02:42:58Z INFO CommandSettings] Arg 'labels': ''
[2025-06-13 02:42:58Z INFO CommandSettings] Flag 'unattended': 'False'
[2025-06-13 02:42:58Z INFO PromptManager] ReadValue
[2025-06-13 02:42:58Z INFO Terminal] WRITE: This runner will have the following labels: 'self-hosted', 'Windows', 'X64' 
Enter any additional labels (ex. label-1,label-2): 
[2025-06-13 02:42:58Z INFO Terminal] WRITE: [press Enter to skip] 
[2025-06-13 02:42:58Z INFO Terminal] READ LINE
[2025-06-13 02:43:06Z INFO Terminal] Read value: ''
[2025-06-13 02:43:06Z INFO Terminal] WRITE LINE: 
[2025-06-13 02:43:06Z INFO CommandSettings] Flag 'disableupdate': 'False'
[2025-06-13 02:43:06Z INFO CommandSettings] Flag 'no-default-labels': 'False'
[2025-06-13 02:43:06Z INFO CommandSettings] Flag 'disableupdate': 'False'
[2025-06-13 02:43:06Z INFO CommandSettings] Flag 'ephemeral': 'False'
[2025-06-13 02:43:06Z INFO ConfigurationStore] Saving OAuth credential @ C:\Users\admin\Desktop\Home\24_Devops\07_CANoeRF_Frozen\actions-runner\actions-runner-win-x64-2.325.0\.credentials
[2025-06-13 02:43:06Z INFO ConfigurationStore] Credentials Saved.
[2025-06-13 02:43:06Z INFO ConfigurationStore] HasCredentials()
[2025-06-13 02:43:06Z INFO ConfigurationStore] stored True
[2025-06-13 02:43:06Z INFO CredentialManager] GetCredentialProvider
[2025-06-13 02:43:06Z INFO CredentialManager] Creating type OAuth
[2025-06-13 02:43:06Z INFO CredentialManager] Creating credential type: OAuth
[2025-06-13 02:43:06Z INFO RSAEncryptedFileKeyManager] Loading RSA key parameters from file C:\Users\admin\Desktop\Home\24_Devops\07_CANoeRF_Frozen\actions-runner\actions-runner-win-x64-2.325.0\.credentials_rsaparams
[2025-06-13 02:43:06Z INFO RunnerServer] EstablishVssConnection
[2025-06-13 02:43:06Z INFO RunnerServer] Establish connection with 100 seconds timeout.
[2025-06-13 02:43:06Z INFO GitHubActionsService] Starting operation Location.GetConnectionData
[2025-06-13 02:43:06Z INFO RunnerServer] EstablishVssConnection
[2025-06-13 02:43:06Z INFO RunnerServer] Establish connection with 60 seconds timeout.
[2025-06-13 02:43:06Z INFO GitHubActionsService] Starting operation Location.GetConnectionData
[2025-06-13 02:43:06Z INFO RunnerServer] EstablishVssConnection
[2025-06-13 02:43:06Z INFO RunnerServer] Establish connection with 60 seconds timeout.
[2025-06-13 02:43:06Z INFO GitHubActionsService] Starting operation Location.GetConnectionData
[2025-06-13 02:43:07Z INFO GitHubActionsService] Finished operation Location.GetConnectionData
[2025-06-13 02:43:07Z INFO GitHubActionsService] Finished operation Location.GetConnectionData
[2025-06-13 02:43:08Z INFO GitHubActionsService] Finished operation Location.GetConnectionData
[2025-06-13 02:43:08Z INFO RSAEncryptedFileKeyManager] Loading RSA key parameters from file C:\Users\admin\Desktop\Home\24_Devops\07_CANoeRF_Frozen\actions-runner\actions-runner-win-x64-2.325.0\.credentials_rsaparams
[2025-06-13 02:43:08Z INFO RSAEncryptedFileKeyManager] Loading RSA key parameters from file C:\Users\admin\Desktop\Home\24_Devops\07_CANoeRF_Frozen\actions-runner\actions-runner-win-x64-2.325.0\.credentials_rsaparams
[2025-06-13 02:43:09Z INFO GitHubActionsService] AAD Correlation ID for this token request: Unknown
[2025-06-13 02:43:10Z INFO ConfigurationManager] Service enforced serverUrlV2: https://broker.actions.githubusercontent.com/
[2025-06-13 02:43:10Z INFO ConfigurationManager] Service enforced useV2Flow: True
[2025-06-13 02:43:10Z INFO CommandSettings] Arg 'work': ''
[2025-06-13 02:43:10Z INFO CommandSettings] Flag 'unattended': 'False'
[2025-06-13 02:43:10Z INFO PromptManager] ReadValue
[2025-06-13 02:43:10Z INFO Terminal] WRITE: Enter name of work folder: 
[2025-06-13 02:43:10Z INFO Terminal] WRITE: [press Enter for _work] 
[2025-06-13 02:43:10Z INFO Terminal] READ LINE
[2025-06-13 02:43:15Z INFO Terminal] Read value: ''
[2025-06-13 02:43:15Z INFO PromptManager] Falling back to the default: '_work'
[2025-06-13 02:43:15Z INFO ConfigurationStore] Saving runner settings.
[2025-06-13 02:43:15Z INFO ConfigurationStore] Settings Saved.
[2025-06-13 02:43:15Z INFO Terminal] WRITE LINE: 
[2025-06-13 02:43:15Z INFO Terminal] WRITE LINE: 
[2025-06-13 02:43:15Z INFO CommandSettings] Flag 'runasservice': 'False'
[2025-06-13 02:43:15Z INFO CommandSettings] Flag 'unattended': 'False'
[2025-06-13 02:43:15Z INFO PromptManager] ReadValue
[2025-06-13 02:43:15Z INFO Terminal] WRITE: Would you like to run the runner as service? (Y/N) 
[2025-06-13 02:43:15Z INFO Terminal] WRITE: [press Enter for N] 
[2025-06-13 02:43:15Z INFO Terminal] READ LINE
[2025-06-13 02:43:47Z INFO Terminal] Read value: 'Y'
[2025-06-13 02:43:47Z INFO ConfigurationManager] Configuring to run the agent as service
[2025-06-13 02:43:47Z ERR  WindowsServiceControlManager] Needs Administrator privileges for configure runner as windows service.
[2025-06-13 02:43:47Z ERR  Runner] System.Security.SecurityException: Needs Administrator privileges for configuring runner as windows service.
   at GitHub.Runner.Listener.Configuration.WindowsServiceControlManager.ConfigureService(RunnerSettings settings, CommandSettings command)
   at GitHub.Runner.Listener.Configuration.ConfigurationManager.ConfigureAsync(CommandSettings command)
   at GitHub.Runner.Listener.Runner.ExecuteCommand(CommandSettings command)
[2025-06-13 02:43:47Z ERR  Terminal] WRITE ERROR: Needs Administrator privileges for configuring runner as windows service.
[2025-06-13 02:43:47Z INFO Listener] Runner execution has finished with return code 1
