[2025-06-13 03:28:19Z INFO HostContext] No proxy settings were found based on environmental variables (http_proxy/https_proxy/HTTP_PROXY/HTTPS_PROXY)
[2025-06-13 03:28:19Z INFO HostContext] Well known directory 'Bin': 'C:\RfGithub\actions-runner\bin'
[2025-06-13 03:28:19Z INFO HostContext] Well known directory 'Root': 'C:\RfGithub\actions-runner'
[2025-06-13 03:28:19Z INFO HostContext] Well known config file 'Credentials': 'C:\RfGithub\actions-runner\.credentials'
[2025-06-13 03:28:19Z INFO HostContext] Well known directory 'Bin': 'C:\RfGithub\actions-runner\bin'
[2025-06-13 03:28:19Z INFO HostContext] Well known directory 'Root': 'C:\RfGithub\actions-runner'
[2025-06-13 03:28:19Z INFO HostContext] Well known config file 'Runner': 'C:\RfGithub\actions-runner\.runner'
[2025-06-13 03:28:19Z INFO Listener] Runner is built for Windows (X64) - win-x64.
[2025-06-13 03:28:19Z INFO Listener] RuntimeInformation: Microsoft Windows 10.0.26100.
[2025-06-13 03:28:19Z INFO Listener] Version: 2.325.0
[2025-06-13 03:28:19Z INFO Listener] Commit: 71ed7cd46223bd5d61633445946813012b502d54
[2025-06-13 03:28:19Z INFO Listener] Culture: zh-CN
[2025-06-13 03:28:19Z INFO Listener] UI Culture: zh-CN
[2025-06-13 03:28:19Z INFO HostContext] Well known directory 'Bin': 'C:\RfGithub\actions-runner\bin'
[2025-06-13 03:28:19Z INFO HostContext] Well known directory 'Root': 'C:\RfGithub\actions-runner'
[2025-06-13 03:28:19Z INFO Listener] Validating directory permissions for: 'C:\RfGithub\actions-runner'
[2025-06-13 03:28:19Z INFO CommandLineParser] Parse
[2025-06-13 03:28:19Z INFO CommandLineParser] Parsing 1 args
[2025-06-13 03:28:19Z INFO CommandLineParser] parsing argument
[2025-06-13 03:28:19Z INFO CommandLineParser] HasArgs: False
[2025-06-13 03:28:19Z INFO CommandLineParser] Adding Command: run
[2025-06-13 03:28:19Z INFO Listener] Arguments parsed
[2025-06-13 03:28:19Z INFO Runner] ExecuteCommand
[2025-06-13 03:28:19Z INFO ConfigurationStore] currentAssemblyLocation: C:\RfGithub\actions-runner\bin\Runner.Listener.dll
[2025-06-13 03:28:19Z INFO HostContext] Well known directory 'Bin': 'C:\RfGithub\actions-runner\bin'
[2025-06-13 03:28:19Z INFO ConfigurationStore] binPath: C:\RfGithub\actions-runner\bin
[2025-06-13 03:28:19Z INFO HostContext] Well known directory 'Bin': 'C:\RfGithub\actions-runner\bin'
[2025-06-13 03:28:19Z INFO HostContext] Well known directory 'Root': 'C:\RfGithub\actions-runner'
[2025-06-13 03:28:19Z INFO ConfigurationStore] RootFolder: C:\RfGithub\actions-runner
[2025-06-13 03:28:19Z INFO HostContext] Well known directory 'Bin': 'C:\RfGithub\actions-runner\bin'
[2025-06-13 03:28:19Z INFO HostContext] Well known directory 'Root': 'C:\RfGithub\actions-runner'
[2025-06-13 03:28:19Z INFO HostContext] Well known config file 'Runner': 'C:\RfGithub\actions-runner\.runner'
[2025-06-13 03:28:19Z INFO ConfigurationStore] ConfigFilePath: C:\RfGithub\actions-runner\.runner
[2025-06-13 03:28:19Z INFO HostContext] Well known directory 'Bin': 'C:\RfGithub\actions-runner\bin'
[2025-06-13 03:28:19Z INFO HostContext] Well known directory 'Root': 'C:\RfGithub\actions-runner'
[2025-06-13 03:28:19Z INFO HostContext] Well known config file 'MigratedRunner': 'C:\RfGithub\actions-runner\.runner_migrated'
[2025-06-13 03:28:19Z INFO ConfigurationStore] MigratedConfigFilePath: C:\RfGithub\actions-runner\.runner_migrated
[2025-06-13 03:28:19Z INFO HostContext] Well known directory 'Bin': 'C:\RfGithub\actions-runner\bin'
[2025-06-13 03:28:19Z INFO HostContext] Well known directory 'Root': 'C:\RfGithub\actions-runner'
[2025-06-13 03:28:19Z INFO HostContext] Well known config file 'Credentials': 'C:\RfGithub\actions-runner\.credentials'
[2025-06-13 03:28:19Z INFO ConfigurationStore] CredFilePath: C:\RfGithub\actions-runner\.credentials
[2025-06-13 03:28:19Z INFO HostContext] Well known directory 'Bin': 'C:\RfGithub\actions-runner\bin'
[2025-06-13 03:28:19Z INFO HostContext] Well known directory 'Root': 'C:\RfGithub\actions-runner'
[2025-06-13 03:28:19Z INFO HostContext] Well known config file 'MigratedCredentials': 'C:\RfGithub\actions-runner\.credentials_migrated'
[2025-06-13 03:28:19Z INFO ConfigurationStore] MigratedCredFilePath: C:\RfGithub\actions-runner\.credentials_migrated
[2025-06-13 03:28:19Z INFO HostContext] Well known directory 'Bin': 'C:\RfGithub\actions-runner\bin'
[2025-06-13 03:28:19Z INFO HostContext] Well known directory 'Root': 'C:\RfGithub\actions-runner'
[2025-06-13 03:28:19Z INFO HostContext] Well known config file 'Service': 'C:\RfGithub\actions-runner\.service'
[2025-06-13 03:28:19Z INFO ConfigurationStore] ServiceConfigFilePath: C:\RfGithub\actions-runner\.service
[2025-06-13 03:28:19Z INFO CommandSettings] Flag 'help': 'False'
[2025-06-13 03:28:19Z INFO CommandSettings] Flag 'version': 'False'
[2025-06-13 03:28:19Z INFO CommandSettings] Flag 'commit': 'False'
[2025-06-13 03:28:19Z INFO CommandSettings] Flag 'check': 'False'
[2025-06-13 03:28:19Z INFO CommandSettings] Command 'configure': 'False'
[2025-06-13 03:28:19Z INFO CommandSettings] Command 'remove': 'False'
[2025-06-13 03:28:19Z INFO CommandSettings] Command 'warmup': 'False'
[2025-06-13 03:28:19Z INFO ConfigurationManager] LoadSettings
[2025-06-13 03:28:19Z INFO ConfigurationStore] IsConfigured()
[2025-06-13 03:28:19Z INFO ConfigurationStore] IsConfigured: True
[2025-06-13 03:28:19Z INFO ConfigurationManager] Is configured: True
[2025-06-13 03:28:19Z INFO ConfigurationStore] Read setting file: 397 chars
[2025-06-13 03:28:19Z INFO ConfigurationManager] Settings Loaded
[2025-06-13 03:28:19Z INFO ConfigurationStore] IsServiceConfigured()
[2025-06-13 03:28:19Z INFO ConfigurationStore] IsServiceConfigured: False
[2025-06-13 03:28:19Z INFO CommandSettings] Command 'run': 'True'
[2025-06-13 03:28:19Z INFO ConfigurationStore] IsConfigured()
[2025-06-13 03:28:19Z INFO ConfigurationStore] IsConfigured: True
[2025-06-13 03:28:19Z INFO ConfigurationManager] Is configured: True
[2025-06-13 03:28:19Z INFO Runner] Could not parse the argument value '' for StartupType. Defaulting to Manual
[2025-06-13 03:28:19Z INFO Runner] Set runner startup type - Manual
[2025-06-13 03:28:19Z INFO CommandSettings] Flag 'once': 'False'
[2025-06-13 03:28:19Z INFO CommandSettings] Flag 'once': 'False'
[2025-06-13 03:28:19Z INFO Runner] RunAsync
[2025-06-13 03:28:19Z INFO ConfigurationManager] LoadMigratedSettings
[2025-06-13 03:28:19Z INFO ConfigurationStore] IsMigratedConfigured()
[2025-06-13 03:28:19Z INFO ConfigurationStore] IsMigratedConfigured: False
[2025-06-13 03:28:19Z INFO Runner] Failed to load migrated settings: No migrated configuration found.
[2025-06-13 03:28:19Z INFO Runner] Falling back to original .runner settings
[2025-06-13 03:28:19Z INFO Runner] Using BrokerMessageListener
[2025-06-13 03:28:19Z INFO BrokerMessageListener] Using provided settings
[2025-06-13 03:28:19Z INFO BrokerMessageListener] {
  "AgentId": 3,
  "AgentName": "JIAHUILI",
  "PoolId": 1,
  "PoolName": "Default",
  "ServerUrl": "https://pipelinesghubeus11.actions.githubusercontent.com/qx2tsjZdthWDVXTqNh6igWNEaXJBpWaMF7DXWE19ZeKnp0ifqG/",
  "GitHubUrl": "https://github.com/kosjioo/rf-canoe-pipeline",
  "WorkFolder": "_work",
  "UseV2Flow": true,
  "ServerUrlV2": "https://broker.actions.githubusercontent.com/"
}
[2025-06-13 03:28:19Z INFO BrokerMessageListener] Loading Credentials
[2025-06-13 03:28:19Z INFO ConfigurationStore] HasCredentials()
[2025-06-13 03:28:19Z INFO ConfigurationStore] stored True
[2025-06-13 03:28:19Z INFO CredentialManager] GetCredentialProvider
[2025-06-13 03:28:19Z INFO CredentialManager] Creating type OAuth
[2025-06-13 03:28:19Z INFO CredentialManager] Creating credential type: OAuth
[2025-06-13 03:28:19Z INFO HostContext] Well known directory 'Bin': 'C:\RfGithub\actions-runner\bin'
[2025-06-13 03:28:19Z INFO HostContext] Well known directory 'Root': 'C:\RfGithub\actions-runner'
[2025-06-13 03:28:19Z INFO HostContext] Well known config file 'RSACredentials': 'C:\RfGithub\actions-runner\.credentials_rsaparams'
[2025-06-13 03:28:19Z INFO RSAEncryptedFileKeyManager] Loading RSA key parameters from file C:\RfGithub\actions-runner\.credentials_rsaparams
[2025-06-13 03:28:19Z INFO BrokerMessageListener] Attempt to create session.
[2025-06-13 03:28:19Z INFO BrokerMessageListener] Connecting to the Broker Server...
[2025-06-13 03:28:19Z INFO ConfigurationStore] HasCredentials()
[2025-06-13 03:28:19Z INFO ConfigurationStore] stored True
[2025-06-13 03:28:19Z INFO CredentialManager] GetCredentialProvider
[2025-06-13 03:28:19Z INFO CredentialManager] Creating type OAuth
[2025-06-13 03:28:19Z INFO CredentialManager] Creating credential type: OAuth
[2025-06-13 03:28:19Z INFO RSAEncryptedFileKeyManager] Loading RSA key parameters from file C:\RfGithub\actions-runner\.credentials_rsaparams
[2025-06-13 03:28:19Z INFO BrokerMessageListener] VssConnection created
[2025-06-13 03:28:19Z INFO BrokerMessageListener] Connecting to the Runner server...
[2025-06-13 03:28:19Z INFO RunnerServer] EstablishVssConnection
[2025-06-13 03:28:19Z INFO RunnerServer] Establish connection with 100 seconds timeout.
[2025-06-13 03:28:19Z INFO GitHubActionsService] Starting operation Location.GetConnectionData
[2025-06-13 03:28:19Z INFO RunnerServer] EstablishVssConnection
[2025-06-13 03:28:19Z INFO RunnerServer] Establish connection with 60 seconds timeout.
[2025-06-13 03:28:19Z INFO GitHubActionsService] Starting operation Location.GetConnectionData
[2025-06-13 03:28:19Z INFO RunnerServer] EstablishVssConnection
[2025-06-13 03:28:19Z INFO RunnerServer] Establish connection with 60 seconds timeout.
[2025-06-13 03:28:19Z INFO GitHubActionsService] Starting operation Location.GetConnectionData
[2025-06-13 03:28:20Z INFO GitHubActionsService] Finished operation Location.GetConnectionData
[2025-06-13 03:28:20Z INFO GitHubActionsService] Finished operation Location.GetConnectionData
[2025-06-13 03:28:36Z INFO Terminal] WRITE LINE: Exiting...
[2025-06-13 03:28:36Z INFO ConfigurationStore] IsServiceConfigured()
[2025-06-13 03:28:36Z INFO ConfigurationStore] IsServiceConfigured: False
[2025-06-13 03:28:36Z INFO HostContext] Runner will be shutdown for UserCancelled
[2025-06-13 03:28:36Z INFO Terminal] WRITE LINE: Exiting...
[2025-06-13 03:28:36Z INFO ConfigurationStore] IsServiceConfigured()
[2025-06-13 03:28:36Z INFO ConfigurationStore] IsServiceConfigured: False
[2025-06-13 03:28:36Z INFO HostContext] Runner will be shutdown for UserCancelled
[2025-06-13 03:28:40Z WARN GitHubActionsService] Attempt 1 of GET request to https://pipelinesghubeus11.actions.githubusercontent.com/qx2tsjZdthWDVXTqNh6igWNEaXJBpWaMF7DXWE19ZeKnp0ifqG/_apis/connectionData?connectOptions=0&lastChangeId=7073793&lastChangeId64=7073793 failed (Socket Error: TimedOut). The operation will be retried in 11.149 seconds.
[2025-06-13 03:28:52Z INFO GitHubActionsService] Finished operation Location.GetConnectionData
[2025-06-13 03:28:52Z INFO BrokerMessageListener] VssConnection created
[2025-06-13 03:28:52Z INFO Terminal] WRITE LINE: 
