[2025-06-13 03:51:21Z INFO HostContext] No proxy settings were found based on environmental variables (http_proxy/https_proxy/HTTP_PROXY/HTTPS_PROXY)
[2025-06-13 03:51:21Z INFO HostContext] Well known directory 'Bin': 'C:\RfGithub\actions-runner\bin'
[2025-06-13 03:51:21Z INFO HostContext] Well known directory 'Root': 'C:\RfGithub\actions-runner'
[2025-06-13 03:51:21Z INFO HostContext] Well known config file 'Credentials': 'C:\RfGithub\actions-runner\.credentials'
[2025-06-13 03:51:21Z INFO HostContext] Well known directory 'Bin': 'C:\RfGithub\actions-runner\bin'
[2025-06-13 03:51:21Z INFO HostContext] Well known directory 'Root': 'C:\RfGithub\actions-runner'
[2025-06-13 03:51:21Z INFO HostContext] Well known config file 'Runner': 'C:\RfGithub\actions-runner\.runner'
[2025-06-13 03:51:21Z INFO Listener] Runner is built for Windows (X64) - win-x64.
[2025-06-13 03:51:21Z INFO Listener] RuntimeInformation: Microsoft Windows 10.0.26100.
[2025-06-13 03:51:21Z INFO Listener] Version: 2.325.0
[2025-06-13 03:51:21Z INFO Listener] Commit: 71ed7cd46223bd5d61633445946813012b502d54
[2025-06-13 03:51:21Z INFO Listener] Culture: zh-CN
[2025-06-13 03:51:21Z INFO Listener] UI Culture: zh-CN
[2025-06-13 03:51:21Z INFO HostContext] Well known directory 'Bin': 'C:\RfGithub\actions-runner\bin'
[2025-06-13 03:51:21Z INFO HostContext] Well known directory 'Root': 'C:\RfGithub\actions-runner'
[2025-06-13 03:51:21Z INFO Listener] Validating directory permissions for: 'C:\RfGithub\actions-runner'
[2025-06-13 03:51:21Z INFO CommandLineParser] Parse
[2025-06-13 03:51:21Z INFO CommandLineParser] Parsing 1 args
[2025-06-13 03:51:21Z INFO CommandLineParser] parsing argument
[2025-06-13 03:51:21Z INFO CommandLineParser] HasArgs: False
[2025-06-13 03:51:21Z INFO CommandLineParser] Adding Command: run
[2025-06-13 03:51:21Z INFO Listener] Arguments parsed
[2025-06-13 03:51:21Z INFO Runner] ExecuteCommand
[2025-06-13 03:51:21Z INFO ConfigurationStore] currentAssemblyLocation: C:\RfGithub\actions-runner\bin\Runner.Listener.dll
[2025-06-13 03:51:21Z INFO HostContext] Well known directory 'Bin': 'C:\RfGithub\actions-runner\bin'
[2025-06-13 03:51:21Z INFO ConfigurationStore] binPath: C:\RfGithub\actions-runner\bin
[2025-06-13 03:51:21Z INFO HostContext] Well known directory 'Bin': 'C:\RfGithub\actions-runner\bin'
[2025-06-13 03:51:21Z INFO HostContext] Well known directory 'Root': 'C:\RfGithub\actions-runner'
[2025-06-13 03:51:21Z INFO ConfigurationStore] RootFolder: C:\RfGithub\actions-runner
[2025-06-13 03:51:21Z INFO HostContext] Well known directory 'Bin': 'C:\RfGithub\actions-runner\bin'
[2025-06-13 03:51:21Z INFO HostContext] Well known directory 'Root': 'C:\RfGithub\actions-runner'
[2025-06-13 03:51:21Z INFO HostContext] Well known config file 'Runner': 'C:\RfGithub\actions-runner\.runner'
[2025-06-13 03:51:21Z INFO ConfigurationStore] ConfigFilePath: C:\RfGithub\actions-runner\.runner
[2025-06-13 03:51:21Z INFO HostContext] Well known directory 'Bin': 'C:\RfGithub\actions-runner\bin'
[2025-06-13 03:51:21Z INFO HostContext] Well known directory 'Root': 'C:\RfGithub\actions-runner'
[2025-06-13 03:51:21Z INFO HostContext] Well known config file 'MigratedRunner': 'C:\RfGithub\actions-runner\.runner_migrated'
[2025-06-13 03:51:21Z INFO ConfigurationStore] MigratedConfigFilePath: C:\RfGithub\actions-runner\.runner_migrated
[2025-06-13 03:51:21Z INFO HostContext] Well known directory 'Bin': 'C:\RfGithub\actions-runner\bin'
[2025-06-13 03:51:21Z INFO HostContext] Well known directory 'Root': 'C:\RfGithub\actions-runner'
[2025-06-13 03:51:21Z INFO HostContext] Well known config file 'Credentials': 'C:\RfGithub\actions-runner\.credentials'
[2025-06-13 03:51:21Z INFO ConfigurationStore] CredFilePath: C:\RfGithub\actions-runner\.credentials
[2025-06-13 03:51:21Z INFO HostContext] Well known directory 'Bin': 'C:\RfGithub\actions-runner\bin'
[2025-06-13 03:51:21Z INFO HostContext] Well known directory 'Root': 'C:\RfGithub\actions-runner'
[2025-06-13 03:51:21Z INFO HostContext] Well known config file 'MigratedCredentials': 'C:\RfGithub\actions-runner\.credentials_migrated'
[2025-06-13 03:51:21Z INFO ConfigurationStore] MigratedCredFilePath: C:\RfGithub\actions-runner\.credentials_migrated
[2025-06-13 03:51:21Z INFO HostContext] Well known directory 'Bin': 'C:\RfGithub\actions-runner\bin'
[2025-06-13 03:51:21Z INFO HostContext] Well known directory 'Root': 'C:\RfGithub\actions-runner'
[2025-06-13 03:51:21Z INFO HostContext] Well known config file 'Service': 'C:\RfGithub\actions-runner\.service'
[2025-06-13 03:51:21Z INFO ConfigurationStore] ServiceConfigFilePath: C:\RfGithub\actions-runner\.service
[2025-06-13 03:51:21Z INFO CommandSettings] Flag 'help': 'False'
[2025-06-13 03:51:21Z INFO CommandSettings] Flag 'version': 'False'
[2025-06-13 03:51:21Z INFO CommandSettings] Flag 'commit': 'False'
[2025-06-13 03:51:21Z INFO CommandSettings] Flag 'check': 'False'
[2025-06-13 03:51:21Z INFO CommandSettings] Command 'configure': 'False'
[2025-06-13 03:51:21Z INFO CommandSettings] Command 'remove': 'False'
[2025-06-13 03:51:21Z INFO CommandSettings] Command 'warmup': 'False'
[2025-06-13 03:51:21Z INFO ConfigurationManager] LoadSettings
[2025-06-13 03:51:21Z INFO ConfigurationStore] IsConfigured()
[2025-06-13 03:51:21Z INFO ConfigurationStore] IsConfigured: True
[2025-06-13 03:51:21Z INFO ConfigurationManager] Is configured: True
[2025-06-13 03:51:21Z INFO ConfigurationStore] Read setting file: 397 chars
[2025-06-13 03:51:21Z INFO ConfigurationManager] Settings Loaded
[2025-06-13 03:51:21Z INFO ConfigurationStore] IsServiceConfigured()
[2025-06-13 03:51:21Z INFO ConfigurationStore] IsServiceConfigured: False
[2025-06-13 03:51:21Z INFO CommandSettings] Command 'run': 'True'
[2025-06-13 03:51:21Z INFO ConfigurationStore] IsConfigured()
[2025-06-13 03:51:21Z INFO ConfigurationStore] IsConfigured: True
[2025-06-13 03:51:21Z INFO ConfigurationManager] Is configured: True
[2025-06-13 03:51:21Z INFO Runner] Could not parse the argument value '' for StartupType. Defaulting to Manual
[2025-06-13 03:51:21Z INFO Runner] Set runner startup type - Manual
[2025-06-13 03:51:21Z INFO CommandSettings] Flag 'once': 'False'
[2025-06-13 03:51:21Z INFO CommandSettings] Flag 'once': 'False'
[2025-06-13 03:51:21Z INFO Runner] RunAsync
[2025-06-13 03:51:21Z INFO ConfigurationManager] LoadMigratedSettings
[2025-06-13 03:51:21Z INFO ConfigurationStore] IsMigratedConfigured()
[2025-06-13 03:51:21Z INFO ConfigurationStore] IsMigratedConfigured: False
[2025-06-13 03:51:21Z INFO Runner] Failed to load migrated settings: No migrated configuration found.
[2025-06-13 03:51:21Z INFO Runner] Falling back to original .runner settings
[2025-06-13 03:51:21Z INFO Runner] Using BrokerMessageListener
[2025-06-13 03:51:21Z INFO BrokerMessageListener] Using provided settings
[2025-06-13 03:51:21Z INFO BrokerMessageListener] {
  "AgentId": 3,
  "AgentName": "JIAHUILI",
  "PoolId": 1,
  "PoolName": "Default",
  "ServerUrl": "https://pipelinesghubeus11.actions.githubusercontent.com/qx2tsjZdthWDVXTqNh6igWNEaXJBpWaMF7DXWE19ZeKnp0ifqG/",
  "GitHubUrl": "https://github.com/kosjioo/rf-canoe-pipeline",
  "WorkFolder": "_work",
  "UseV2Flow": true,
  "ServerUrlV2": "https://broker.actions.githubusercontent.com/"
}
[2025-06-13 03:51:21Z INFO BrokerMessageListener] Loading Credentials
[2025-06-13 03:51:21Z INFO ConfigurationStore] HasCredentials()
[2025-06-13 03:51:21Z INFO ConfigurationStore] stored True
[2025-06-13 03:51:21Z INFO CredentialManager] GetCredentialProvider
[2025-06-13 03:51:21Z INFO CredentialManager] Creating type OAuth
[2025-06-13 03:51:21Z INFO CredentialManager] Creating credential type: OAuth
[2025-06-13 03:51:21Z INFO HostContext] Well known directory 'Bin': 'C:\RfGithub\actions-runner\bin'
[2025-06-13 03:51:21Z INFO HostContext] Well known directory 'Root': 'C:\RfGithub\actions-runner'
[2025-06-13 03:51:21Z INFO HostContext] Well known config file 'RSACredentials': 'C:\RfGithub\actions-runner\.credentials_rsaparams'
[2025-06-13 03:51:21Z INFO RSAEncryptedFileKeyManager] Loading RSA key parameters from file C:\RfGithub\actions-runner\.credentials_rsaparams
[2025-06-13 03:51:21Z INFO BrokerMessageListener] Attempt to create session.
[2025-06-13 03:51:21Z INFO BrokerMessageListener] Connecting to the Broker Server...
[2025-06-13 03:51:21Z INFO ConfigurationStore] HasCredentials()
[2025-06-13 03:51:21Z INFO ConfigurationStore] stored True
[2025-06-13 03:51:21Z INFO CredentialManager] GetCredentialProvider
[2025-06-13 03:51:21Z INFO CredentialManager] Creating type OAuth
[2025-06-13 03:51:21Z INFO CredentialManager] Creating credential type: OAuth
[2025-06-13 03:51:21Z INFO RSAEncryptedFileKeyManager] Loading RSA key parameters from file C:\RfGithub\actions-runner\.credentials_rsaparams
[2025-06-13 03:51:21Z INFO BrokerMessageListener] VssConnection created
[2025-06-13 03:51:21Z INFO BrokerMessageListener] Connecting to the Runner server...
[2025-06-13 03:51:21Z INFO RunnerServer] EstablishVssConnection
[2025-06-13 03:51:21Z INFO RunnerServer] Establish connection with 100 seconds timeout.
[2025-06-13 03:51:21Z INFO GitHubActionsService] Starting operation Location.GetConnectionData
[2025-06-13 03:51:21Z INFO RunnerServer] EstablishVssConnection
[2025-06-13 03:51:21Z INFO RunnerServer] Establish connection with 60 seconds timeout.
[2025-06-13 03:51:21Z INFO GitHubActionsService] Starting operation Location.GetConnectionData
[2025-06-13 03:51:21Z INFO RunnerServer] EstablishVssConnection
[2025-06-13 03:51:21Z INFO RunnerServer] Establish connection with 60 seconds timeout.
[2025-06-13 03:51:21Z INFO GitHubActionsService] Starting operation Location.GetConnectionData
[2025-06-13 03:51:22Z INFO GitHubActionsService] Finished operation Location.GetConnectionData
[2025-06-13 03:51:22Z INFO GitHubActionsService] Finished operation Location.GetConnectionData
[2025-06-13 03:51:22Z INFO GitHubActionsService] Finished operation Location.GetConnectionData
[2025-06-13 03:51:22Z INFO BrokerMessageListener] VssConnection created
[2025-06-13 03:51:22Z INFO Terminal] WRITE LINE: 
[2025-06-13 03:51:22Z INFO Terminal] WRITE LINE: 
[2025-06-13 03:51:22Z INFO RSAEncryptedFileKeyManager] Loading RSA key parameters from file C:\RfGithub\actions-runner\.credentials_rsaparams
[2025-06-13 03:51:22Z INFO RSAEncryptedFileKeyManager] Loading RSA key parameters from file C:\RfGithub\actions-runner\.credentials_rsaparams
[2025-06-13 03:51:23Z INFO GitHubActionsService] AAD Correlation ID for this token request: Unknown
[2025-06-13 03:51:24Z INFO BrokerMessageListener] Session created.
[2025-06-13 03:51:24Z INFO Terminal] WRITE LINE: Current runner version: '2.325.0'
[2025-06-13 03:51:24Z INFO Terminal] WRITE LINE: 2025-06-13 03:51:24Z: Listening for Jobs
[2025-06-13 03:51:24Z INFO JobDispatcher] Set runner/worker IPC timeout to 30 seconds.
[2025-06-13 03:51:53Z INFO ConfigurationStore] HasCredentials()
[2025-06-13 03:51:53Z INFO ConfigurationStore] stored True
[2025-06-13 03:51:53Z INFO CredentialManager] GetCredentialProvider
[2025-06-13 03:51:53Z INFO CredentialManager] Creating type OAuth
[2025-06-13 03:51:53Z INFO CredentialManager] Creating credential type: OAuth
[2025-06-13 03:51:53Z INFO RSAEncryptedFileKeyManager] Loading RSA key parameters from file C:\RfGithub\actions-runner\.credentials_rsaparams
[2025-06-13 03:51:53Z INFO RSAEncryptedFileKeyManager] Loading RSA key parameters from file C:\RfGithub\actions-runner\.credentials_rsaparams
[2025-06-13 03:51:53Z INFO RSAEncryptedFileKeyManager] Loading RSA key parameters from file C:\RfGithub\actions-runner\.credentials_rsaparams
[2025-06-13 03:51:54Z INFO GitHubActionsService] AAD Correlation ID for this token request: Unknown
[2025-06-13 03:51:55Z INFO JobDispatcher] Job request 0 for plan a743e1de-065c-4dbf-bb07-ef6cdb371399 job f5c00522-1b41-5c73-a679-ddfead8da14d received.
[2025-06-13 03:51:55Z INFO BrokerMessageListener] Received job status event. JobState: Busy
[2025-06-13 03:51:55Z INFO BrokerMessageListener] _getMessagesTokenSource is already disposed.
[2025-06-13 03:51:55Z INFO Terminal] WRITE LINE: 2025-06-13 03:51:55Z: Running job: test
[2025-06-13 03:51:55Z INFO JobDispatcher] Start renew job request 0 for job f5c00522-1b41-5c73-a679-ddfead8da14d.
[2025-06-13 03:51:56Z INFO JobDispatcher] Successfully renew job f5c00522-1b41-5c73-a679-ddfead8da14d, job is valid till 2025/6/13 4:01:53
[2025-06-13 03:51:56Z INFO HostContext] Well known directory 'Bin': 'C:\RfGithub\actions-runner\bin'
[2025-06-13 03:51:56Z INFO ProcessInvokerWrapper] Starting process:
[2025-06-13 03:51:56Z INFO ProcessInvokerWrapper]   File name: 'C:\RfGithub\actions-runner\bin\Runner.Worker.exe'
[2025-06-13 03:51:56Z INFO ProcessInvokerWrapper]   Arguments: 'spawnclient 2212 2224'
[2025-06-13 03:51:56Z INFO ProcessInvokerWrapper]   Working directory: 'C:\RfGithub\actions-runner\bin'
[2025-06-13 03:51:56Z INFO ProcessInvokerWrapper]   Require exit code zero: 'False'
[2025-06-13 03:51:56Z INFO ProcessInvokerWrapper]   Encoding web name:  ; code page: ''
[2025-06-13 03:51:56Z INFO ProcessInvokerWrapper]   Force kill process on cancellation: 'True'
[2025-06-13 03:51:56Z INFO ProcessInvokerWrapper]   Redirected STDIN: 'False'
[2025-06-13 03:51:56Z INFO ProcessInvokerWrapper]   Persist current code page: 'False'
[2025-06-13 03:51:56Z INFO ProcessInvokerWrapper]   Keep redirected STDIN open: 'False'
[2025-06-13 03:51:56Z INFO ProcessInvokerWrapper]   High priority process: 'True'
[2025-06-13 03:51:56Z INFO ProcessInvokerWrapper] Process started with process id 8728, waiting for process exit.
[2025-06-13 03:51:56Z INFO JobDispatcher] Send job request message to worker for job f5c00522-1b41-5c73-a679-ddfead8da14d.
[2025-06-13 03:51:56Z INFO ProcessChannel] Sending message of length 19561, with hash '4a4aa1be092f7ac93d860b269f8fd0881106a4e6fecafe816e620761298efd7d'
[2025-06-13 03:51:56Z INFO JobNotification] Entering JobStarted Notification
[2025-06-13 03:51:56Z INFO JobNotification] Entering StartMonitor
[2025-06-13 03:52:56Z INFO JobDispatcher] Successfully renew job f5c00522-1b41-5c73-a679-ddfead8da14d, job is valid till 2025/6/13 4:02:53
[2025-06-13 03:53:57Z INFO JobDispatcher] Successfully renew job f5c00522-1b41-5c73-a679-ddfead8da14d, job is valid till 2025/6/13 4:03:53
[2025-06-13 03:54:12Z INFO ProcessInvokerWrapper] STDOUT/STDERR stream read finished.
[2025-06-13 03:54:12Z INFO ProcessInvokerWrapper] STDOUT/STDERR stream read finished.
[2025-06-13 03:54:12Z INFO ProcessInvokerWrapper] Finished process 8728 with exit code 100, and elapsed time 00:02:16.2333289.
[2025-06-13 03:54:12Z INFO JobDispatcher] Worker finished for job f5c00522-1b41-5c73-a679-ddfead8da14d. Code: 100
[2025-06-13 03:54:12Z INFO JobDispatcher] finish job request for job f5c00522-1b41-5c73-a679-ddfead8da14d with result: Succeeded
[2025-06-13 03:54:12Z INFO Terminal] WRITE LINE: 2025-06-13 03:54:12Z: Job test completed with result: Succeeded
[2025-06-13 03:54:12Z INFO JobDispatcher] Stop renew job request for job f5c00522-1b41-5c73-a679-ddfead8da14d.
[2025-06-13 03:54:12Z INFO JobDispatcher] job renew has been cancelled, stop renew job f5c00522-1b41-5c73-a679-ddfead8da14d.
[2025-06-13 03:54:12Z INFO JobNotification] Entering JobCompleted Notification
[2025-06-13 03:54:12Z INFO JobNotification] Entering EndMonitor
[2025-06-13 03:54:12Z INFO BrokerMessageListener] Received job status event. JobState: Online
[2025-06-13 03:54:12Z WARN GitHubActionsService] GET request to https://broker.actions.githubusercontent.com/message?sessionId=08d934f9-2143-4389-b1e9-befe7ec13394&status=Busy&runnerVersion=2.325.0&os=Windows&architecture=X64&disableUpdate=false has been cancelled.
[2025-06-13 03:54:12Z ERR  BrokerServer] Catch exception during request
[2025-06-13 03:54:12Z ERR  BrokerServer] System.Threading.Tasks.TaskCanceledException: The operation was canceled.
 ---> System.Threading.Tasks.TaskCanceledException: The operation was canceled.
 ---> System.IO.IOException: Unable to read data from the transport connection: 由于线程退出或应用程序请求，已中止 I/O 操作。.
 ---> System.Net.Sockets.SocketException (995): 由于线程退出或应用程序请求，已中止 I/O 操作。
   --- End of inner exception stack trace ---
   at System.Net.Sockets.Socket.AwaitableSocketAsyncEventArgs.ThrowException(SocketError error, CancellationToken cancellationToken)
   at System.Net.Sockets.Socket.AwaitableSocketAsyncEventArgs.System.Threading.Tasks.Sources.IValueTaskSource<System.Int32>.GetResult(Int16 token)
   at System.Net.Http.HttpConnection.ReadAsync(Memory`1 destination)
   at System.Net.Http.HttpConnection.RawConnectionStream.ReadAsync(Memory`1 buffer, CancellationToken cancellationToken)
   at System.Runtime.CompilerServices.PoolingAsyncValueTaskMethodBuilder`1.StateMachineBox`1.System.Threading.Tasks.Sources.IValueTaskSource<TResult>.GetResult(Int16 token)
   at System.Net.Security.SslStream.EnsureFullTlsFrameAsync[TIOAdapter](CancellationToken cancellationToken, Int32 estimatedSize)
   at System.Runtime.CompilerServices.PoolingAsyncValueTaskMethodBuilder`1.StateMachineBox`1.System.Threading.Tasks.Sources.IValueTaskSource<TResult>.GetResult(Int16 token)
   at System.Net.Security.SslStream.ReadAsyncInternal[TIOAdapter](Memory`1 buffer, CancellationToken cancellationToken)
   at System.Runtime.CompilerServices.PoolingAsyncValueTaskMethodBuilder`1.StateMachineBox`1.System.Threading.Tasks.Sources.IValueTaskSource<TResult>.GetResult(Int16 token)
   at System.Net.Http.HttpConnection.SendAsync(HttpRequestMessage request, Boolean async, CancellationToken cancellationToken)
   --- End of inner exception stack trace ---
   at System.Net.Http.HttpConnection.SendAsync(HttpRequestMessage request, Boolean async, CancellationToken cancellationToken)
   at System.Net.Http.AuthenticationHelper.SendWithNtAuthAsync(HttpRequestMessage request, Uri authUri, Boolean async, ICredentials credentials, Boolean isProxyAuth, HttpConnection connection, HttpConnectionPool connectionPool, CancellationToken cancellationToken)
   at System.Net.Http.HttpConnectionPool.SendWithVersionDetectionAndRetryAsync(HttpRequestMessage request, Boolean async, Boolean doRequestAuth, CancellationToken cancellationToken)
   at System.Net.Http.AuthenticationHelper.SendWithAuthAsync(HttpRequestMessage request, Uri authUri, Boolean async, ICredentials credentials, Boolean preAuthenticate, Boolean isProxyAuth, Boolean doRequestAuth, HttpConnectionPool pool, CancellationToken cancellationToken)
   at System.Net.Http.RedirectHandler.SendAsync(HttpRequestMessage request, Boolean async, CancellationToken cancellationToken)
   at GitHub.Services.Common.RawHttpMessageHandler.SendAsync(HttpRequestMessage request, CancellationToken cancellationToken)
   at GitHub.Services.Common.VssHttpRetryMessageHandler.SendAsync(HttpRequestMessage request, CancellationToken cancellationToken)
   at System.Net.Http.HttpClient.<SendAsync>g__Core|83_0(HttpRequestMessage request, HttpCompletionOption completionOption, CancellationTokenSource cts, Boolean disposeCts, CancellationTokenSource pendingRequestsCts, CancellationToken originalCancellationToken)
   --- End of inner exception stack trace ---
   at System.Net.Http.HttpClient.HandleFailure(Exception e, Boolean telemetryStarted, HttpResponseMessage response, CancellationTokenSource cts, CancellationToken cancellationToken, CancellationTokenSource pendingRequestsCts)
   at System.Net.Http.HttpClient.<SendAsync>g__Core|83_0(HttpRequestMessage request, HttpCompletionOption completionOption, CancellationTokenSource cts, Boolean disposeCts, CancellationTokenSource pendingRequestsCts, CancellationToken originalCancellationToken)
   at Sdk.WebApi.WebApi.RawHttpClientBase.SendAsync(HttpRequestMessage message, HttpCompletionOption completionOption, Object userState, CancellationToken cancellationToken)
   at Sdk.WebApi.WebApi.RawHttpClientBase.SendAsync[T](HttpRequestMessage message, Boolean readErrorBody, Object userState, CancellationToken cancellationToken)
   at Sdk.WebApi.WebApi.RawHttpClientBase.SendAsync[T](HttpMethod method, IEnumerable`1 additionalHeaders, Uri requestUri, HttpContent content, IEnumerable`1 queryParameters, Boolean readErrorBody, Object userState, CancellationToken cancellationToken)
   at GitHub.Actions.RunService.WebApi.BrokerHttpClient.GetRunnerMessageAsync(Nullable`1 sessionId, String runnerVersion, Nullable`1 status, String os, String architecture, Nullable`1 disableUpdate, CancellationToken cancellationToken)
   at GitHub.Runner.Common.BrokerServer.<>c__DisplayClass7_0.<<GetRunnerMessageAsync>b__0>d.MoveNext()
--- End of stack trace from previous location ---
   at GitHub.Runner.Common.RunnerService.RetryRequest[T](Func`1 func, CancellationToken cancellationToken, Int32 maxRetryAttemptsCount, Func`2 shouldRetry)
[2025-06-13 03:54:12Z ERR  BrokerServer] #####################################################
[2025-06-13 03:54:12Z ERR  BrokerServer] System.Threading.Tasks.TaskCanceledException: The operation was canceled.
 ---> System.IO.IOException: Unable to read data from the transport connection: 由于线程退出或应用程序请求，已中止 I/O 操作。.
 ---> System.Net.Sockets.SocketException (995): 由于线程退出或应用程序请求，已中止 I/O 操作。
   --- End of inner exception stack trace ---
   at System.Net.Sockets.Socket.AwaitableSocketAsyncEventArgs.ThrowException(SocketError error, CancellationToken cancellationToken)
   at System.Net.Sockets.Socket.AwaitableSocketAsyncEventArgs.System.Threading.Tasks.Sources.IValueTaskSource<System.Int32>.GetResult(Int16 token)
   at System.Net.Http.HttpConnection.ReadAsync(Memory`1 destination)
   at System.Net.Http.HttpConnection.RawConnectionStream.ReadAsync(Memory`1 buffer, CancellationToken cancellationToken)
   at System.Runtime.CompilerServices.PoolingAsyncValueTaskMethodBuilder`1.StateMachineBox`1.System.Threading.Tasks.Sources.IValueTaskSource<TResult>.GetResult(Int16 token)
   at System.Net.Security.SslStream.EnsureFullTlsFrameAsync[TIOAdapter](CancellationToken cancellationToken, Int32 estimatedSize)
   at System.Runtime.CompilerServices.PoolingAsyncValueTaskMethodBuilder`1.StateMachineBox`1.System.Threading.Tasks.Sources.IValueTaskSource<TResult>.GetResult(Int16 token)
   at System.Net.Security.SslStream.ReadAsyncInternal[TIOAdapter](Memory`1 buffer, CancellationToken cancellationToken)
   at System.Runtime.CompilerServices.PoolingAsyncValueTaskMethodBuilder`1.StateMachineBox`1.System.Threading.Tasks.Sources.IValueTaskSource<TResult>.GetResult(Int16 token)
   at System.Net.Http.HttpConnection.SendAsync(HttpRequestMessage request, Boolean async, CancellationToken cancellationToken)
   --- End of inner exception stack trace ---
   at System.Net.Http.HttpConnection.SendAsync(HttpRequestMessage request, Boolean async, CancellationToken cancellationToken)
   at System.Net.Http.AuthenticationHelper.SendWithNtAuthAsync(HttpRequestMessage request, Uri authUri, Boolean async, ICredentials credentials, Boolean isProxyAuth, HttpConnection connection, HttpConnectionPool connectionPool, CancellationToken cancellationToken)
   at System.Net.Http.HttpConnectionPool.SendWithVersionDetectionAndRetryAsync(HttpRequestMessage request, Boolean async, Boolean doRequestAuth, CancellationToken cancellationToken)
   at System.Net.Http.AuthenticationHelper.SendWithAuthAsync(HttpRequestMessage request, Uri authUri, Boolean async, ICredentials credentials, Boolean preAuthenticate, Boolean isProxyAuth, Boolean doRequestAuth, HttpConnectionPool pool, CancellationToken cancellationToken)
   at System.Net.Http.RedirectHandler.SendAsync(HttpRequestMessage request, Boolean async, CancellationToken cancellationToken)
   at GitHub.Services.Common.RawHttpMessageHandler.SendAsync(HttpRequestMessage request, CancellationToken cancellationToken)
   at GitHub.Services.Common.VssHttpRetryMessageHandler.SendAsync(HttpRequestMessage request, CancellationToken cancellationToken)
   at System.Net.Http.HttpClient.<SendAsync>g__Core|83_0(HttpRequestMessage request, HttpCompletionOption completionOption, CancellationTokenSource cts, Boolean disposeCts, CancellationTokenSource pendingRequestsCts, CancellationToken originalCancellationToken)
[2025-06-13 03:54:12Z ERR  BrokerServer] #####################################################
[2025-06-13 03:54:12Z ERR  BrokerServer] System.IO.IOException: Unable to read data from the transport connection: 由于线程退出或应用程序请求，已中止 I/O 操作。.
 ---> System.Net.Sockets.SocketException (995): 由于线程退出或应用程序请求，已中止 I/O 操作。
   --- End of inner exception stack trace ---
   at System.Net.Sockets.Socket.AwaitableSocketAsyncEventArgs.ThrowException(SocketError error, CancellationToken cancellationToken)
   at System.Net.Sockets.Socket.AwaitableSocketAsyncEventArgs.System.Threading.Tasks.Sources.IValueTaskSource<System.Int32>.GetResult(Int16 token)
   at System.Net.Http.HttpConnection.ReadAsync(Memory`1 destination)
   at System.Net.Http.HttpConnection.RawConnectionStream.ReadAsync(Memory`1 buffer, CancellationToken cancellationToken)
   at System.Runtime.CompilerServices.PoolingAsyncValueTaskMethodBuilder`1.StateMachineBox`1.System.Threading.Tasks.Sources.IValueTaskSource<TResult>.GetResult(Int16 token)
   at System.Net.Security.SslStream.EnsureFullTlsFrameAsync[TIOAdapter](CancellationToken cancellationToken, Int32 estimatedSize)
   at System.Runtime.CompilerServices.PoolingAsyncValueTaskMethodBuilder`1.StateMachineBox`1.System.Threading.Tasks.Sources.IValueTaskSource<TResult>.GetResult(Int16 token)
   at System.Net.Security.SslStream.ReadAsyncInternal[TIOAdapter](Memory`1 buffer, CancellationToken cancellationToken)
   at System.Runtime.CompilerServices.PoolingAsyncValueTaskMethodBuilder`1.StateMachineBox`1.System.Threading.Tasks.Sources.IValueTaskSource<TResult>.GetResult(Int16 token)
   at System.Net.Http.HttpConnection.SendAsync(HttpRequestMessage request, Boolean async, CancellationToken cancellationToken)
[2025-06-13 03:54:12Z ERR  BrokerServer] #####################################################
[2025-06-13 03:54:12Z ERR  BrokerServer] System.Net.Sockets.SocketException (995): 由于线程退出或应用程序请求，已中止 I/O 操作。
[2025-06-13 03:54:12Z WARN BrokerServer] Back off 12.759 seconds before next retry. 4 attempt left.
[2025-06-13 03:54:12Z INFO BrokerMessageListener] Get messages has been cancelled using local token source. Continue to get messages with new status.
[2025-06-13 03:57:33Z INFO ConfigurationStore] HasCredentials()
[2025-06-13 03:57:33Z INFO ConfigurationStore] stored True
[2025-06-13 03:57:33Z INFO CredentialManager] GetCredentialProvider
[2025-06-13 03:57:33Z INFO CredentialManager] Creating type OAuth
[2025-06-13 03:57:33Z INFO CredentialManager] Creating credential type: OAuth
[2025-06-13 03:57:33Z INFO RSAEncryptedFileKeyManager] Loading RSA key parameters from file C:\RfGithub\actions-runner\.credentials_rsaparams
[2025-06-13 03:57:33Z INFO RSAEncryptedFileKeyManager] Loading RSA key parameters from file C:\RfGithub\actions-runner\.credentials_rsaparams
[2025-06-13 03:57:33Z INFO RSAEncryptedFileKeyManager] Loading RSA key parameters from file C:\RfGithub\actions-runner\.credentials_rsaparams
[2025-06-13 03:57:34Z INFO GitHubActionsService] AAD Correlation ID for this token request: Unknown
[2025-06-13 03:57:35Z INFO JobDispatcher] Job request 0 for plan 924326ff-06e2-4ea4-b549-590c9362d9f7 job d54d3455-1414-54ff-9864-60e44a1c9967 received.
[2025-06-13 03:57:35Z INFO BrokerMessageListener] Received job status event. JobState: Busy
[2025-06-13 03:57:35Z INFO BrokerMessageListener] _getMessagesTokenSource is already disposed.
[2025-06-13 03:57:35Z INFO JobDispatcher] Job request f5c00522-1b41-5c73-a679-ddfead8da14d processed succeed.
[2025-06-13 03:57:35Z INFO Terminal] WRITE LINE: 2025-06-13 03:57:35Z: Running job: test
[2025-06-13 03:58:49Z INFO JobDispatcher] Start renew job request 0 for job d54d3455-1414-54ff-9864-60e44a1c9967.
[2025-06-13 03:58:51Z INFO JobDispatcher] Successfully renew job d54d3455-1414-54ff-9864-60e44a1c9967, job is valid till 2025/6/13 4:08:47
[2025-06-13 03:58:51Z INFO HostContext] Well known directory 'Bin': 'C:\RfGithub\actions-runner\bin'
[2025-06-13 03:58:51Z INFO ProcessInvokerWrapper] Starting process:
[2025-06-13 03:58:51Z INFO ProcessInvokerWrapper]   File name: 'C:\RfGithub\actions-runner\bin\Runner.Worker.exe'
[2025-06-13 03:58:51Z INFO ProcessInvokerWrapper]   Arguments: 'spawnclient 2144 2080'
[2025-06-13 03:58:51Z INFO ProcessInvokerWrapper]   Working directory: 'C:\RfGithub\actions-runner\bin'
[2025-06-13 03:58:51Z INFO ProcessInvokerWrapper]   Require exit code zero: 'False'
[2025-06-13 03:58:51Z INFO ProcessInvokerWrapper]   Encoding web name:  ; code page: ''
[2025-06-13 03:58:51Z INFO ProcessInvokerWrapper]   Force kill process on cancellation: 'True'
[2025-06-13 03:58:51Z INFO ProcessInvokerWrapper]   Redirected STDIN: 'False'
[2025-06-13 03:58:51Z INFO ProcessInvokerWrapper]   Persist current code page: 'False'
[2025-06-13 03:58:51Z INFO ProcessInvokerWrapper]   Keep redirected STDIN open: 'False'
[2025-06-13 03:58:51Z INFO ProcessInvokerWrapper]   High priority process: 'True'
[2025-06-13 03:58:51Z INFO ProcessInvokerWrapper] Process started with process id 25008, waiting for process exit.
[2025-06-13 03:58:51Z INFO JobDispatcher] Send job request message to worker for job d54d3455-1414-54ff-9864-60e44a1c9967.
[2025-06-13 03:58:51Z INFO ProcessChannel] Sending message of length 19594, with hash '5e0854f1dc43c9cf5213ae60dde68a070f7960412457294a98c9168da2318ffb'
[2025-06-13 03:58:51Z INFO JobNotification] Entering JobStarted Notification
[2025-06-13 03:58:51Z INFO JobNotification] Entering StartMonitor
[2025-06-13 03:59:12Z INFO Terminal] WRITE LINE: Exiting...
[2025-06-13 03:59:12Z INFO ConfigurationStore] IsServiceConfigured()
[2025-06-13 03:59:12Z INFO ConfigurationStore] IsServiceConfigured: False
[2025-06-13 03:59:12Z INFO HostContext] Runner will be shutdown for UserCancelled
[2025-06-13 03:59:12Z WARN GitHubActionsService] GET request to https://broker.actions.githubusercontent.com/message?sessionId=08d934f9-2143-4389-b1e9-befe7ec13394&status=Busy&runnerVersion=2.325.0&os=Windows&architecture=X64&disableUpdate=false has been cancelled.
[2025-06-13 03:59:12Z ERR  BrokerServer] Catch exception during request
[2025-06-13 03:59:12Z ERR  BrokerServer] System.Threading.Tasks.TaskCanceledException: The operation was canceled.
 ---> System.Threading.Tasks.TaskCanceledException: The operation was canceled.
 ---> System.IO.IOException: Unable to read data from the transport connection: 由于线程退出或应用程序请求，已中止 I/O 操作。.
 ---> System.Net.Sockets.SocketException (995): 由于线程退出或应用程序请求，已中止 I/O 操作。
   --- End of inner exception stack trace ---
   at System.Net.Sockets.Socket.AwaitableSocketAsyncEventArgs.System.Threading.Tasks.Sources.IValueTaskSource<System.Int32>.GetResult(Int16 token)
   at System.Net.Http.HttpConnection.ReadAsync(Memory`1 destination)
   at System.Net.Http.HttpConnection.RawConnectionStream.ReadAsync(Memory`1 buffer, CancellationToken cancellationToken)
   at System.Runtime.CompilerServices.PoolingAsyncValueTaskMethodBuilder`1.StateMachineBox`1.System.Threading.Tasks.Sources.IValueTaskSource<TResult>.GetResult(Int16 token)
   at System.Net.Security.SslStream.EnsureFullTlsFrameAsync[TIOAdapter](CancellationToken cancellationToken, Int32 estimatedSize)
   at System.Runtime.CompilerServices.PoolingAsyncValueTaskMethodBuilder`1.StateMachineBox`1.System.Threading.Tasks.Sources.IValueTaskSource<TResult>.GetResult(Int16 token)
   at System.Net.Security.SslStream.ReadAsyncInternal[TIOAdapter](Memory`1 buffer, CancellationToken cancellationToken)
   at System.Runtime.CompilerServices.PoolingAsyncValueTaskMethodBuilder`1.StateMachineBox`1.System.Threading.Tasks.Sources.IValueTaskSource<TResult>.GetResult(Int16 token)
   at System.Net.Http.HttpConnection.InitialFillAsync(Boolean async)
   at System.Net.Http.HttpConnection.SendAsync(HttpRequestMessage request, Boolean async, CancellationToken cancellationToken)
   --- End of inner exception stack trace ---
   at System.Net.Http.HttpConnection.SendAsync(HttpRequestMessage request, Boolean async, CancellationToken cancellationToken)
   at System.Net.Http.AuthenticationHelper.SendWithNtAuthAsync(HttpRequestMessage request, Uri authUri, Boolean async, ICredentials credentials, Boolean isProxyAuth, HttpConnection connection, HttpConnectionPool connectionPool, CancellationToken cancellationToken)
   at System.Net.Http.HttpConnectionPool.SendWithVersionDetectionAndRetryAsync(HttpRequestMessage request, Boolean async, Boolean doRequestAuth, CancellationToken cancellationToken)
   at System.Net.Http.AuthenticationHelper.SendWithAuthAsync(HttpRequestMessage request, Uri authUri, Boolean async, ICredentials credentials, Boolean preAuthenticate, Boolean isProxyAuth, Boolean doRequestAuth, HttpConnectionPool pool, CancellationToken cancellationToken)
   at System.Net.Http.RedirectHandler.SendAsync(HttpRequestMessage request, Boolean async, CancellationToken cancellationToken)
   at GitHub.Services.Common.RawHttpMessageHandler.SendAsync(HttpRequestMessage request, CancellationToken cancellationToken)
   at GitHub.Services.Common.VssHttpRetryMessageHandler.SendAsync(HttpRequestMessage request, CancellationToken cancellationToken)
   at System.Net.Http.HttpClient.<SendAsync>g__Core|83_0(HttpRequestMessage request, HttpCompletionOption completionOption, CancellationTokenSource cts, Boolean disposeCts, CancellationTokenSource pendingRequestsCts, CancellationToken originalCancellationToken)
   --- End of inner exception stack trace ---
   at System.Net.Http.HttpClient.HandleFailure(Exception e, Boolean telemetryStarted, HttpResponseMessage response, CancellationTokenSource cts, CancellationToken cancellationToken, CancellationTokenSource pendingRequestsCts)
   at System.Net.Http.HttpClient.<SendAsync>g__Core|83_0(HttpRequestMessage request, HttpCompletionOption completionOption, CancellationTokenSource cts, Boolean disposeCts, CancellationTokenSource pendingRequestsCts, CancellationToken originalCancellationToken)
   at Sdk.WebApi.WebApi.RawHttpClientBase.SendAsync(HttpRequestMessage message, HttpCompletionOption completionOption, Object userState, CancellationToken cancellationToken)
   at Sdk.WebApi.WebApi.RawHttpClientBase.SendAsync[T](HttpRequestMessage message, Boolean readErrorBody, Object userState, CancellationToken cancellationToken)
   at Sdk.WebApi.WebApi.RawHttpClientBase.SendAsync[T](HttpMethod method, IEnumerable`1 additionalHeaders, Uri requestUri, HttpContent content, IEnumerable`1 queryParameters, Boolean readErrorBody, Object userState, CancellationToken cancellationToken)
   at GitHub.Actions.RunService.WebApi.BrokerHttpClient.GetRunnerMessageAsync(Nullable`1 sessionId, String runnerVersion, Nullable`1 status, String os, String architecture, Nullable`1 disableUpdate, CancellationToken cancellationToken)
   at GitHub.Runner.Common.BrokerServer.<>c__DisplayClass7_0.<<GetRunnerMessageAsync>b__0>d.MoveNext()
--- End of stack trace from previous location ---
   at GitHub.Runner.Common.RunnerService.RetryRequest[T](Func`1 func, CancellationToken cancellationToken, Int32 maxRetryAttemptsCount, Func`2 shouldRetry)
[2025-06-13 03:59:12Z ERR  BrokerServer] #####################################################
[2025-06-13 03:59:12Z ERR  BrokerServer] System.Threading.Tasks.TaskCanceledException: The operation was canceled.
 ---> System.IO.IOException: Unable to read data from the transport connection: 由于线程退出或应用程序请求，已中止 I/O 操作。.
 ---> System.Net.Sockets.SocketException (995): 由于线程退出或应用程序请求，已中止 I/O 操作。
   --- End of inner exception stack trace ---
   at System.Net.Sockets.Socket.AwaitableSocketAsyncEventArgs.System.Threading.Tasks.Sources.IValueTaskSource<System.Int32>.GetResult(Int16 token)
   at System.Net.Http.HttpConnection.ReadAsync(Memory`1 destination)
   at System.Net.Http.HttpConnection.RawConnectionStream.ReadAsync(Memory`1 buffer, CancellationToken cancellationToken)
   at System.Runtime.CompilerServices.PoolingAsyncValueTaskMethodBuilder`1.StateMachineBox`1.System.Threading.Tasks.Sources.IValueTaskSource<TResult>.GetResult(Int16 token)
   at System.Net.Security.SslStream.EnsureFullTlsFrameAsync[TIOAdapter](CancellationToken cancellationToken, Int32 estimatedSize)
   at System.Runtime.CompilerServices.PoolingAsyncValueTaskMethodBuilder`1.StateMachineBox`1.System.Threading.Tasks.Sources.IValueTaskSource<TResult>.GetResult(Int16 token)
   at System.Net.Security.SslStream.ReadAsyncInternal[TIOAdapter](Memory`1 buffer, CancellationToken cancellationToken)
   at System.Runtime.CompilerServices.PoolingAsyncValueTaskMethodBuilder`1.StateMachineBox`1.System.Threading.Tasks.Sources.IValueTaskSource<TResult>.GetResult(Int16 token)
   at System.Net.Http.HttpConnection.InitialFillAsync(Boolean async)
   at System.Net.Http.HttpConnection.SendAsync(HttpRequestMessage request, Boolean async, CancellationToken cancellationToken)
   --- End of inner exception stack trace ---
   at System.Net.Http.HttpConnection.SendAsync(HttpRequestMessage request, Boolean async, CancellationToken cancellationToken)
   at System.Net.Http.AuthenticationHelper.SendWithNtAuthAsync(HttpRequestMessage request, Uri authUri, Boolean async, ICredentials credentials, Boolean isProxyAuth, HttpConnection connection, HttpConnectionPool connectionPool, CancellationToken cancellationToken)
   at System.Net.Http.HttpConnectionPool.SendWithVersionDetectionAndRetryAsync(HttpRequestMessage request, Boolean async, Boolean doRequestAuth, CancellationToken cancellationToken)
   at System.Net.Http.AuthenticationHelper.SendWithAuthAsync(HttpRequestMessage request, Uri authUri, Boolean async, ICredentials credentials, Boolean preAuthenticate, Boolean isProxyAuth, Boolean doRequestAuth, HttpConnectionPool pool, CancellationToken cancellationToken)
   at System.Net.Http.RedirectHandler.SendAsync(HttpRequestMessage request, Boolean async, CancellationToken cancellationToken)
   at GitHub.Services.Common.RawHttpMessageHandler.SendAsync(HttpRequestMessage request, CancellationToken cancellationToken)
   at GitHub.Services.Common.VssHttpRetryMessageHandler.SendAsync(HttpRequestMessage request, CancellationToken cancellationToken)
   at System.Net.Http.HttpClient.<SendAsync>g__Core|83_0(HttpRequestMessage request, HttpCompletionOption completionOption, CancellationTokenSource cts, Boolean disposeCts, CancellationTokenSource pendingRequestsCts, CancellationToken originalCancellationToken)
[2025-06-13 03:59:12Z ERR  BrokerServer] #####################################################
[2025-06-13 03:59:12Z ERR  BrokerServer] System.IO.IOException: Unable to read data from the transport connection: 由于线程退出或应用程序请求，已中止 I/O 操作。.
 ---> System.Net.Sockets.SocketException (995): 由于线程退出或应用程序请求，已中止 I/O 操作。
   --- End of inner exception stack trace ---
   at System.Net.Sockets.Socket.AwaitableSocketAsyncEventArgs.System.Threading.Tasks.Sources.IValueTaskSource<System.Int32>.GetResult(Int16 token)
   at System.Net.Http.HttpConnection.ReadAsync(Memory`1 destination)
   at System.Net.Http.HttpConnection.RawConnectionStream.ReadAsync(Memory`1 buffer, CancellationToken cancellationToken)
   at System.Runtime.CompilerServices.PoolingAsyncValueTaskMethodBuilder`1.StateMachineBox`1.System.Threading.Tasks.Sources.IValueTaskSource<TResult>.GetResult(Int16 token)
   at System.Net.Security.SslStream.EnsureFullTlsFrameAsync[TIOAdapter](CancellationToken cancellationToken, Int32 estimatedSize)
   at System.Runtime.CompilerServices.PoolingAsyncValueTaskMethodBuilder`1.StateMachineBox`1.System.Threading.Tasks.Sources.IValueTaskSource<TResult>.GetResult(Int16 token)
   at System.Net.Security.SslStream.ReadAsyncInternal[TIOAdapter](Memory`1 buffer, CancellationToken cancellationToken)
   at System.Runtime.CompilerServices.PoolingAsyncValueTaskMethodBuilder`1.StateMachineBox`1.System.Threading.Tasks.Sources.IValueTaskSource<TResult>.GetResult(Int16 token)
   at System.Net.Http.HttpConnection.InitialFillAsync(Boolean async)
   at System.Net.Http.HttpConnection.SendAsync(HttpRequestMessage request, Boolean async, CancellationToken cancellationToken)
[2025-06-13 03:59:12Z ERR  BrokerServer] #####################################################
[2025-06-13 03:59:12Z ERR  BrokerServer] System.Net.Sockets.SocketException (995): 由于线程退出或应用程序请求，已中止 I/O 操作。
[2025-06-13 03:59:12Z WARN BrokerServer] Back off 11.771 seconds before next retry. 4 attempt left.
[2025-06-13 03:59:12Z INFO BrokerMessageListener] Get next message has been cancelled.
[2025-06-13 03:59:12Z INFO JobDispatcher] Shutting down JobDispatcher. Make sure all WorkerDispatcher has finished.
[2025-06-13 03:59:12Z INFO JobDispatcher] Ensure WorkerDispatcher for job d54d3455-1414-54ff-9864-60e44a1c9967 run to finish, cancel any running job.
[2025-06-13 03:59:12Z INFO JobDispatcher] Send job cancellation message to worker for job d54d3455-1414-54ff-9864-60e44a1c9967.
[2025-06-13 03:59:12Z INFO ProcessChannel] Sending message of length 0, with hash 'e3b0c44298fc1c149afbf4c8996fb92427ae41e4649b934ca495991b7852b855'
[2025-06-13 03:59:37Z INFO ProcessInvokerWrapper] STDOUT/STDERR stream read finished.
[2025-06-13 03:59:37Z INFO ProcessInvokerWrapper] STDOUT/STDERR stream read finished.
[2025-06-13 03:59:37Z INFO ProcessInvokerWrapper] Finished process 25008 with exit code 103, and elapsed time 00:00:46.9381857.
[2025-06-13 03:59:37Z INFO JobDispatcher] finish job request for job d54d3455-1414-54ff-9864-60e44a1c9967 with result: Canceled
[2025-06-13 03:59:37Z INFO Terminal] WRITE LINE: 2025-06-13 03:59:37Z: Job test completed with result: Canceled
[2025-06-13 03:59:43Z INFO JobDispatcher] Stop renew job request for job d54d3455-1414-54ff-9864-60e44a1c9967.
[2025-06-13 03:59:43Z INFO JobDispatcher] job renew has been cancelled, stop renew job d54d3455-1414-54ff-9864-60e44a1c9967.
[2025-06-13 03:59:43Z INFO JobNotification] Entering JobCompleted Notification
[2025-06-13 03:59:43Z INFO JobNotification] Entering EndMonitor
[2025-06-13 03:59:43Z INFO Runner] Deleting Runner Session...
[2025-06-13 03:59:44Z INFO Listener] Runner execution been cancelled.
