[2025-06-13 03:10:29Z INFO HostContext] No proxy settings were found based on environmental variables (http_proxy/https_proxy/HTTP_PROXY/HTTPS_PROXY)
[2025-06-13 03:10:29Z INFO HostContext] Well known directory 'Bin': 'C:\RfGithub\actions-runner\bin'
[2025-06-13 03:10:29Z INFO HostContext] Well known directory 'Root': 'C:\RfGithub\actions-runner'
[2025-06-13 03:10:29Z INFO HostContext] Well known config file 'Credentials': 'C:\RfGithub\actions-runner\.credentials'
[2025-06-13 03:10:29Z INFO HostContext] Well known directory 'Bin': 'C:\RfGithub\actions-runner\bin'
[2025-06-13 03:10:29Z INFO HostContext] Well known directory 'Root': 'C:\RfGithub\actions-runner'
[2025-06-13 03:10:29Z INFO HostContext] Well known config file 'Runner': 'C:\RfGithub\actions-runner\.runner'
[2025-06-13 03:10:29Z INFO Listener] Runner is built for Windows (X64) - win-x64.
[2025-06-13 03:10:29Z INFO Listener] RuntimeInformation: Microsoft Windows 10.0.26100.
[2025-06-13 03:10:29Z INFO Listener] Version: 2.325.0
[2025-06-13 03:10:29Z INFO Listener] Commit: 71ed7cd46223bd5d61633445946813012b502d54
[2025-06-13 03:10:29Z INFO Listener] Culture: zh-CN
[2025-06-13 03:10:29Z INFO Listener] UI Culture: zh-CN
[2025-06-13 03:10:29Z INFO HostContext] Well known directory 'Bin': 'C:\RfGithub\actions-runner\bin'
[2025-06-13 03:10:29Z INFO HostContext] Well known directory 'Root': 'C:\RfGithub\actions-runner'
[2025-06-13 03:10:29Z INFO Listener] Validating directory permissions for: 'C:\RfGithub\actions-runner'
[2025-06-13 03:10:29Z INFO CommandLineParser] Parse
[2025-06-13 03:10:29Z INFO CommandLineParser] Parsing 5 args
[2025-06-13 03:10:29Z INFO CommandLineParser] parsing argument
[2025-06-13 03:10:29Z INFO CommandLineParser] HasArgs: False
[2025-06-13 03:10:29Z INFO CommandLineParser] Adding Command: configure
[2025-06-13 03:10:29Z INFO CommandLineParser] parsing argument
[2025-06-13 03:10:29Z INFO CommandLineParser] HasArgs: True
[2025-06-13 03:10:29Z INFO CommandLineParser] arg: url
[2025-06-13 03:10:29Z INFO CommandLineParser] parsing argument
[2025-06-13 03:10:29Z INFO CommandLineParser] HasArgs: True
[2025-06-13 03:10:29Z INFO CommandLineParser] Adding option 'url': 'https://github.com/kosjioo/rf-canoe-pipeline'
[2025-06-13 03:10:29Z INFO CommandLineParser] parsing argument
[2025-06-13 03:10:29Z INFO CommandLineParser] HasArgs: True
[2025-06-13 03:10:29Z INFO CommandLineParser] arg: token
[2025-06-13 03:10:29Z INFO CommandLineParser] parsing argument
[2025-06-13 03:10:29Z INFO CommandLineParser] HasArgs: True
[2025-06-13 03:10:29Z INFO CommandLineParser] Adding option 'token': '***'
[2025-06-13 03:10:29Z INFO Listener] Arguments parsed
[2025-06-13 03:10:29Z INFO Runner] ExecuteCommand
[2025-06-13 03:10:29Z INFO ConfigurationStore] currentAssemblyLocation: C:\RfGithub\actions-runner\bin\Runner.Listener.dll
[2025-06-13 03:10:29Z INFO HostContext] Well known directory 'Bin': 'C:\RfGithub\actions-runner\bin'
[2025-06-13 03:10:29Z INFO ConfigurationStore] binPath: C:\RfGithub\actions-runner\bin
[2025-06-13 03:10:29Z INFO HostContext] Well known directory 'Bin': 'C:\RfGithub\actions-runner\bin'
[2025-06-13 03:10:29Z INFO HostContext] Well known directory 'Root': 'C:\RfGithub\actions-runner'
[2025-06-13 03:10:29Z INFO ConfigurationStore] RootFolder: C:\RfGithub\actions-runner
[2025-06-13 03:10:29Z INFO HostContext] Well known directory 'Bin': 'C:\RfGithub\actions-runner\bin'
[2025-06-13 03:10:29Z INFO HostContext] Well known directory 'Root': 'C:\RfGithub\actions-runner'
[2025-06-13 03:10:29Z INFO HostContext] Well known config file 'Runner': 'C:\RfGithub\actions-runner\.runner'
[2025-06-13 03:10:29Z INFO ConfigurationStore] ConfigFilePath: C:\RfGithub\actions-runner\.runner
[2025-06-13 03:10:29Z INFO HostContext] Well known directory 'Bin': 'C:\RfGithub\actions-runner\bin'
[2025-06-13 03:10:29Z INFO HostContext] Well known directory 'Root': 'C:\RfGithub\actions-runner'
[2025-06-13 03:10:29Z INFO HostContext] Well known config file 'MigratedRunner': 'C:\RfGithub\actions-runner\.runner_migrated'
[2025-06-13 03:10:29Z INFO ConfigurationStore] MigratedConfigFilePath: C:\RfGithub\actions-runner\.runner_migrated
[2025-06-13 03:10:29Z INFO HostContext] Well known directory 'Bin': 'C:\RfGithub\actions-runner\bin'
[2025-06-13 03:10:29Z INFO HostContext] Well known directory 'Root': 'C:\RfGithub\actions-runner'
[2025-06-13 03:10:29Z INFO HostContext] Well known config file 'Credentials': 'C:\RfGithub\actions-runner\.credentials'
[2025-06-13 03:10:29Z INFO ConfigurationStore] CredFilePath: C:\RfGithub\actions-runner\.credentials
[2025-06-13 03:10:29Z INFO HostContext] Well known directory 'Bin': 'C:\RfGithub\actions-runner\bin'
[2025-06-13 03:10:29Z INFO HostContext] Well known directory 'Root': 'C:\RfGithub\actions-runner'
[2025-06-13 03:10:29Z INFO HostContext] Well known config file 'MigratedCredentials': 'C:\RfGithub\actions-runner\.credentials_migrated'
[2025-06-13 03:10:29Z INFO ConfigurationStore] MigratedCredFilePath: C:\RfGithub\actions-runner\.credentials_migrated
[2025-06-13 03:10:29Z INFO HostContext] Well known directory 'Bin': 'C:\RfGithub\actions-runner\bin'
[2025-06-13 03:10:29Z INFO HostContext] Well known directory 'Root': 'C:\RfGithub\actions-runner'
[2025-06-13 03:10:29Z INFO HostContext] Well known config file 'Service': 'C:\RfGithub\actions-runner\.service'
[2025-06-13 03:10:29Z INFO ConfigurationStore] ServiceConfigFilePath: C:\RfGithub\actions-runner\.service
[2025-06-13 03:10:29Z INFO CommandSettings] Flag 'help': 'False'
[2025-06-13 03:10:29Z INFO CommandSettings] Flag 'version': 'False'
[2025-06-13 03:10:29Z INFO CommandSettings] Flag 'commit': 'False'
[2025-06-13 03:10:29Z INFO CommandSettings] Flag 'check': 'False'
[2025-06-13 03:10:29Z INFO CommandSettings] Command 'configure': 'True'
[2025-06-13 03:10:29Z INFO Terminal] WRITE LINE: 
[2025-06-13 03:10:29Z INFO Terminal] WRITE LINE: --------------------------------------------------------------------------------
[2025-06-13 03:10:29Z INFO Terminal] WRITE LINE: |        ____ _ _   _   _       _          _        _   _                      |
[2025-06-13 03:10:29Z INFO Terminal] WRITE LINE: |       / ___(_) |_| | | |_   _| |__      / \   ___| |_(_) ___  _ __  ___      |
[2025-06-13 03:10:29Z INFO Terminal] WRITE LINE: |      | |  _| | __| |_| | | | | '_ \    / _ \ / __| __| |/ _ \| '_ \/ __|     |
[2025-06-13 03:10:29Z INFO Terminal] WRITE LINE: |      | |_| | | |_|  _  | |_| | |_) |  / ___ \ (__| |_| | (_) | | | \__ \     |
[2025-06-13 03:10:29Z INFO Terminal] WRITE LINE: |       \____|_|\__|_| |_|\__,_|_.__/  /_/   \_\___|\__|_|\___/|_| |_|___/     |
[2025-06-13 03:10:29Z INFO Terminal] WRITE LINE: |                                                                              |
[2025-06-13 03:10:29Z INFO Terminal] WRITE: |                       
[2025-06-13 03:10:29Z INFO Terminal] WRITE: Self-hosted runner registration
[2025-06-13 03:10:29Z INFO Terminal] WRITE LINE:                         |
[2025-06-13 03:10:29Z INFO Terminal] WRITE LINE: |                                                                              |
[2025-06-13 03:10:29Z INFO Terminal] WRITE LINE: --------------------------------------------------------------------------------
[2025-06-13 03:10:29Z INFO ConfigurationManager] ConfigureAsync
[2025-06-13 03:10:29Z INFO CommandSettings] Flag 'generateServiceConfig': 'False'
[2025-06-13 03:10:29Z INFO ConfigurationStore] IsConfigured()
[2025-06-13 03:10:29Z INFO ConfigurationStore] IsConfigured: False
[2025-06-13 03:10:29Z INFO ConfigurationManager] Is configured: False
[2025-06-13 03:10:29Z INFO CommandSettings] Arg 'url': 'https://github.com/kosjioo/rf-canoe-pipeline'
[2025-06-13 03:10:29Z INFO CommandSettings] Remove url from Arg dictionary.
[2025-06-13 03:10:29Z INFO CommandSettings] Arg 'token': '***'
[2025-06-13 03:10:29Z INFO CommandSettings] Remove token from Arg dictionary.
[2025-06-13 03:10:30Z INFO ConfigurationManager] Http response code: OK from 'POST https://api.github.com/actions/runner-registration' (9DA4:227BF0:473085:5482A6:684B96A2)
[2025-06-13 03:10:30Z INFO ConfigurationManager] Using V2 flow: False
[2025-06-13 03:10:30Z INFO ConfigurationManager] cred retrieved via GitHub auth
[2025-06-13 03:10:30Z INFO RunnerServer] EstablishVssConnection
[2025-06-13 03:10:30Z INFO RunnerServer] Establish connection with 100 seconds timeout.
[2025-06-13 03:10:30Z INFO GitHubActionsService] Starting operation Location.GetConnectionData
[2025-06-13 03:10:30Z INFO RunnerServer] EstablishVssConnection
[2025-06-13 03:10:30Z INFO RunnerServer] Establish connection with 60 seconds timeout.
[2025-06-13 03:10:30Z INFO GitHubActionsService] Starting operation Location.GetConnectionData
[2025-06-13 03:10:30Z INFO RunnerServer] EstablishVssConnection
[2025-06-13 03:10:30Z INFO RunnerServer] Establish connection with 60 seconds timeout.
[2025-06-13 03:10:30Z INFO GitHubActionsService] Starting operation Location.GetConnectionData
[2025-06-13 03:10:31Z INFO GitHubActionsService] Finished operation Location.GetConnectionData
[2025-06-13 03:10:31Z INFO GitHubActionsService] Finished operation Location.GetConnectionData
[2025-06-13 03:10:31Z INFO GitHubActionsService] Finished operation Location.GetConnectionData
[2025-06-13 03:10:31Z INFO Terminal] WRITE LINE: 
[2025-06-13 03:10:31Z INFO ConfigurationManager] Test Connection complete.
[2025-06-13 03:10:31Z INFO HostContext] Well known directory 'Bin': 'C:\RfGithub\actions-runner\bin'
[2025-06-13 03:10:31Z INFO HostContext] Well known directory 'Root': 'C:\RfGithub\actions-runner'
[2025-06-13 03:10:31Z INFO HostContext] Well known config file 'RSACredentials': 'C:\RfGithub\actions-runner\.credentials_rsaparams'
[2025-06-13 03:10:31Z INFO RSAEncryptedFileKeyManager] Creating new RSA key using 2048-bit key length
[2025-06-13 03:10:31Z INFO RSAEncryptedFileKeyManager] Successfully saved RSA key parameters to file C:\RfGithub\actions-runner\.credentials_rsaparams
[2025-06-13 03:10:32Z INFO CommandSettings] Arg 'runnergroup': ''
[2025-06-13 03:10:32Z INFO CommandSettings] Flag 'unattended': 'False'
[2025-06-13 03:10:32Z INFO PromptManager] ReadValue
[2025-06-13 03:10:32Z INFO Terminal] WRITE: Enter the name of the runner group to add this runner to: 
[2025-06-13 03:10:32Z INFO Terminal] WRITE: [press Enter for Default] 
[2025-06-13 03:10:32Z INFO Terminal] READ LINE
[2025-06-13 03:10:34Z INFO Terminal] Read value: ''
[2025-06-13 03:10:34Z INFO PromptManager] Falling back to the default: 'Default'
[2025-06-13 03:10:34Z INFO Terminal] WRITE LINE: 
[2025-06-13 03:10:34Z INFO ConfigurationManager] Found a self-hosted runner group with id 1 and name Default
[2025-06-13 03:10:34Z INFO CommandSettings] Flag 'disableupdate': 'False'
[2025-06-13 03:10:34Z INFO CommandSettings] Flag 'ephemeral': 'False'
[2025-06-13 03:10:34Z INFO CommandSettings] Arg 'name': ''
[2025-06-13 03:10:34Z INFO CommandSettings] Flag 'unattended': 'False'
[2025-06-13 03:10:34Z INFO PromptManager] ReadValue
[2025-06-13 03:10:34Z INFO Terminal] WRITE: Enter the name of runner: 
[2025-06-13 03:10:34Z INFO Terminal] WRITE: [press Enter for JIAHUILI] 
[2025-06-13 03:10:34Z INFO Terminal] READ LINE
[2025-06-13 03:10:34Z INFO Terminal] Read value: ''
[2025-06-13 03:10:34Z INFO PromptManager] Falling back to the default: 'JIAHUILI'
[2025-06-13 03:10:34Z INFO Terminal] WRITE LINE: 
[2025-06-13 03:10:34Z INFO CommandSettings] Arg 'labels': ''
[2025-06-13 03:10:34Z INFO CommandSettings] Flag 'unattended': 'False'
[2025-06-13 03:10:34Z INFO PromptManager] ReadValue
[2025-06-13 03:10:34Z INFO Terminal] WRITE: This runner will have the following labels: 'self-hosted', 'Windows', 'X64' 
Enter any additional labels (ex. label-1,label-2): 
[2025-06-13 03:10:34Z INFO Terminal] WRITE: [press Enter to skip] 
[2025-06-13 03:10:34Z INFO Terminal] READ LINE
[2025-06-13 03:10:34Z INFO Terminal] Read value: ''
[2025-06-13 03:10:34Z INFO Terminal] WRITE LINE: 
[2025-06-13 03:10:34Z INFO CommandSettings] Flag 'disableupdate': 'False'
[2025-06-13 03:10:34Z INFO CommandSettings] Flag 'no-default-labels': 'False'
[2025-06-13 03:10:35Z INFO CommandSettings] Flag 'disableupdate': 'False'
[2025-06-13 03:10:35Z INFO CommandSettings] Flag 'ephemeral': 'False'
[2025-06-13 03:10:35Z INFO ConfigurationStore] Saving OAuth credential @ C:\RfGithub\actions-runner\.credentials
[2025-06-13 03:10:35Z INFO ConfigurationStore] Credentials Saved.
[2025-06-13 03:10:35Z INFO ConfigurationStore] HasCredentials()
[2025-06-13 03:10:35Z INFO ConfigurationStore] stored True
[2025-06-13 03:10:35Z INFO CredentialManager] GetCredentialProvider
[2025-06-13 03:10:35Z INFO CredentialManager] Creating type OAuth
[2025-06-13 03:10:35Z INFO CredentialManager] Creating credential type: OAuth
[2025-06-13 03:10:35Z INFO RSAEncryptedFileKeyManager] Loading RSA key parameters from file C:\RfGithub\actions-runner\.credentials_rsaparams
[2025-06-13 03:10:35Z INFO RunnerServer] EstablishVssConnection
[2025-06-13 03:10:35Z INFO RunnerServer] Establish connection with 100 seconds timeout.
[2025-06-13 03:10:35Z INFO GitHubActionsService] Starting operation Location.GetConnectionData
[2025-06-13 03:10:35Z INFO RunnerServer] EstablishVssConnection
[2025-06-13 03:10:35Z INFO RunnerServer] Establish connection with 60 seconds timeout.
[2025-06-13 03:10:35Z INFO GitHubActionsService] Starting operation Location.GetConnectionData
[2025-06-13 03:10:35Z INFO RunnerServer] EstablishVssConnection
[2025-06-13 03:10:35Z INFO RunnerServer] Establish connection with 60 seconds timeout.
[2025-06-13 03:10:35Z INFO GitHubActionsService] Starting operation Location.GetConnectionData
[2025-06-13 03:10:36Z INFO GitHubActionsService] Finished operation Location.GetConnectionData
[2025-06-13 03:10:36Z INFO GitHubActionsService] Finished operation Location.GetConnectionData
[2025-06-13 03:10:56Z WARN GitHubActionsService] Attempt 1 of GET request to https://pipelinesghubeus11.actions.githubusercontent.com/qx2tsjZdthWDVXTqNh6igWNEaXJBpWaMF7DXWE19ZeKnp0ifqG/_apis/connectionData?connectOptions=0&lastChangeId=7073793&lastChangeId64=7073793 failed (Socket Error: TimedOut). The operation will be retried in 10.96 seconds.
[2025-06-13 03:11:08Z INFO GitHubActionsService] Finished operation Location.GetConnectionData
[2025-06-13 03:11:08Z INFO RSAEncryptedFileKeyManager] Loading RSA key parameters from file C:\RfGithub\actions-runner\.credentials_rsaparams
[2025-06-13 03:11:08Z INFO RSAEncryptedFileKeyManager] Loading RSA key parameters from file C:\RfGithub\actions-runner\.credentials_rsaparams
[2025-06-13 03:11:09Z INFO GitHubActionsService] AAD Correlation ID for this token request: Unknown
[2025-06-13 03:11:09Z INFO ConfigurationManager] Service enforced serverUrlV2: https://broker.actions.githubusercontent.com/
[2025-06-13 03:11:09Z INFO ConfigurationManager] Service enforced useV2Flow: True
[2025-06-13 03:11:09Z INFO CommandSettings] Arg 'work': ''
[2025-06-13 03:11:09Z INFO CommandSettings] Flag 'unattended': 'False'
[2025-06-13 03:11:09Z INFO PromptManager] ReadValue
[2025-06-13 03:11:09Z INFO Terminal] WRITE: Enter name of work folder: 
[2025-06-13 03:11:09Z INFO Terminal] WRITE: [press Enter for _work] 
[2025-06-13 03:11:09Z INFO Terminal] READ LINE
[2025-06-13 03:11:09Z INFO Terminal] Read value: ''
[2025-06-13 03:11:09Z INFO PromptManager] Falling back to the default: '_work'
[2025-06-13 03:11:09Z INFO ConfigurationStore] Saving runner settings.
[2025-06-13 03:11:09Z INFO ConfigurationStore] Settings Saved.
[2025-06-13 03:11:09Z INFO Terminal] WRITE LINE: 
[2025-06-13 03:11:09Z INFO Terminal] WRITE LINE: 
[2025-06-13 03:11:09Z INFO CommandSettings] Flag 'runasservice': 'False'
[2025-06-13 03:11:09Z INFO CommandSettings] Flag 'unattended': 'False'
[2025-06-13 03:11:09Z INFO PromptManager] ReadValue
[2025-06-13 03:11:09Z INFO Terminal] WRITE: Would you like to run the runner as service? (Y/N) 
[2025-06-13 03:11:09Z INFO Terminal] WRITE: [press Enter for N] 
[2025-06-13 03:11:09Z INFO Terminal] READ LINE
[2025-06-13 03:11:09Z INFO Terminal] Read value: ''
[2025-06-13 03:11:09Z INFO PromptManager] Falling back to the default: 'N'
[2025-06-13 03:11:09Z INFO Listener] Runner execution has finished with return code 0
